<?xml version="1.0" encoding="UTF-8"?>
<testsuite name="REST-APIs-NEGATIVE TESTING.TEST SUITE-NEGATIVE" time="8.16" tests="1" failures="1" errors="0"><properties><property name="java.specification.version" value="16"/><property name="sun.cpu.isalist" value="amd64"/><property name="Log4jContextSelector" value="org.apache.logging.log4j.core.selector.BasicContextSelector"/><property name="sun.jnu.encoding" value="Cp1252"/><property name="java.class.path" value="C:\Program Files\SmartBear\ReadyAPI-3.20.1\bin\ready-api-ui-3.20.1.jar;C:\Program Files\SmartBear\ReadyAPI-3.20.1\bin\..\lib\accessors-smart-2.4.2.jar;C:\Program Files\SmartBear\ReadyAPI-3.20.1\bin\..\lib\activeQueryBuilder-activeQueryBuilder.jar;C:\Program Files\SmartBear\ReadyAPI-3.20.1\bin\..\lib\allure-java-commons-2.13.3.jar;C:\Program Files\SmartBear\ReadyAPI-3.20.1\bin\..\lib\allure-model-2.13.3.jar;C:\Program Files\SmartBear\ReadyAPI-3.20.1\bin\..\lib\analytics-core-2.6.6.jar;C:\Program Files\SmartBear\ReadyAPI-3.20.1\bin\..\lib\animal-sniffer-annotations-1.17.jar;C:\Program Files\SmartBear\ReadyAPI-3.20.1\bin\..\lib\annotations-13.0.jar;C:\Program Files\SmartBear\ReadyAPI-3.20.1\bin\..\lib\annotations-2.0.0.jar;C:\Program Files\SmartBear\ReadyAPI-3.20.1\bin\..\lib\annotations-4.1.1.4.jar;C:\Program Files\SmartBear\ReadyAPI-3.20.1\bin\..\lib\antlr4-runtime-4.7.2.jar;C:\Program Files\SmartBear\ReadyAPI-3.20.1\bin\..\lib\aopalliance-1.0.jar;C:\Program Files\SmartBear\ReadyAPI-3.20.1\bin\..\lib\aopalliance-repackaged-2.6.1.jar;C:\Program Files\SmartBear\ReadyAPI-3.20.1\bin\..\lib\audience-annotations-0.5.0.jar;C:\Program Files\SmartBear\ReadyAPI-3.20.1\bin\..\lib\autocomplete-2.6.0.jar;C:\Program Files\SmartBear\ReadyAPI-3.20.1\bin\..\lib\avro-1.9.2.jar;C:\Program Files\SmartBear\ReadyAPI-3.20.1\bin\..\lib\aws-java-sdk-core-1.11.136.jar;C:\Program Files\SmartBear\ReadyAPI-3.20.1\bin\..\lib\aws-java-sdk-ec2-1.11.136.jar;C:\Program Files\SmartBear\ReadyAPI-3.20.1\bin\..\lib\axis-1.4.jar;C:\Program Files\SmartBear\ReadyAPI-3.20.1\bin\..\lib\axis-ant-1.4.jar;C:\Program Files\SmartBear\ReadyAPI-3.20.1\bin\..\lib\batik-anim-1.13.jar;C:\Program Files\SmartBear\ReadyAPI-3.20.1\bin\..\lib\batik-awt-util-1.13.jar;C:\Program Files\SmartBear\ReadyAPI-3.20.1\bin\..\lib\batik-bridge-1.13.jar;C:\Program Files\SmartBear\ReadyAPI-3.20.1\bin\..\lib\batik-constants-1.13.jar;C:\Program Files\SmartBear\ReadyAPI-3.20.1\bin\..\lib\batik-css-1.13.jar;C:\Program Files\SmartBear\ReadyAPI-3.20.1\bin\..\lib\batik-dom-1.13.jar;C:\Program Files\SmartBear\ReadyAPI-3.20.1\bin\..\lib\batik-ext-1.13.jar;C:\Program Files\SmartBear\ReadyAPI-3.20.1\bin\..\lib\batik-gvt-1.13.jar;C:\Program Files\SmartBear\ReadyAPI-3.20.1\bin\..\lib\batik-i18n-1.13.jar;C:\Program Files\SmartBear\ReadyAPI-3.20.1\bin\..\lib\batik-parser-1.13.jar;C:\Program Files\SmartBear\ReadyAPI-3.20.1\bin\..\lib\batik-script-1.13.jar;C:\Program Files\SmartBear\ReadyAPI-3.20.1\bin\..\lib\batik-shared-resources-1.13.jar;C:\Program Files\SmartBear\ReadyAPI-3.20.1\bin\..\lib\batik-svg-dom-1.13.jar;C:\Program Files\SmartBear\ReadyAPI-3.20.1\bin\..\lib\batik-svggen-1.13.jar;C:\Program Files\SmartBear\ReadyAPI-3.20.1\bin\..\lib\batik-transcoder-1.13.jar;C:\Program Files\SmartBear\ReadyAPI-3.20.1\bin\..\lib\batik-util-1.13.jar;C:\Program Files\SmartBear\ReadyAPI-3.20.1\bin\..\lib\batik-xml-1.13.jar;C:\Program Files\SmartBear\ReadyAPI-3.20.1\bin\..\lib\bcmail-jdk15on-1.64.jar;C:\Program Files\SmartBear\ReadyAPI-3.20.1\bin\..\lib\bcpkix-jdk15on-1.64.jar;C:\Program Files\SmartBear\ReadyAPI-3.20.1\bin\..\lib\bcprov-jdk15on-1.64.jar;C:\Program Files\SmartBear\ReadyAPI-3.20.1\bin\..\lib\bctsp-jdk15on-1.46.jar;C:\Program Files\SmartBear\ReadyAPI-3.20.1\bin\..\lib\binding-2.0.1.jar;C:\Program Files\SmartBear\ReadyAPI-3.20.1\bin\..\lib\btf-1.3.jar;C:\Program Files\SmartBear\ReadyAPI-3.20.1\bin\..\lib\castor-core-1.4.1.jar;C:\Program Files\SmartBear\ReadyAPI-3.20.1\bin\..\lib\castor-xml-1.4.1.jar;C:\Program Files\SmartBear\ReadyAPI-3.20.1\bin\..\lib\checker-qual-2.8.1.jar;C:\Program Files\SmartBear\ReadyAPI-3.20.1\bin\..\lib\classgraph-4.6.32.jar;C:\Program Files\SmartBear\ReadyAPI-3.20.1\bin\..\lib\common-ui-3.20.1.jar;C:\Program Files\SmartBear\ReadyAPI-3.20.1\bin\..\lib\common-utils-6.1.0.jar;C:\Program Files\SmartBear\ReadyAPI-3.20.1\bin\..\lib\commons-beanutils-1.9.4.jar;C:\Program Files\SmartBear\ReadyAPI-3.20.1\bin\..\lib\commons-cli-1.4.jar;C:\Program Files\SmartBear\ReadyAPI-3.20.1\bin\..\lib\commons-codec-1.6.jar;C:\Program Files\SmartBear\ReadyAPI-3.20.1\bin\..\lib\commons-collections-3.2.2.jar;C:\Program Files\SmartBear\ReadyAPI-3.20.1\bin\..\lib\commons-collections4-4.2.jar;C:\Program Files\SmartBear\ReadyAPI-3.20.1\bin\..\lib\commons-compress-1.19.jar;C:\Program Files\SmartBear\ReadyAPI-3.20.1\bin\..\lib\commons-csv-1.1.jar;C:\Program Files\SmartBear\ReadyAPI-3.20.1\bin\..\lib\commons-digester-2.1.jar;C:\Program Files\SmartBear\ReadyAPI-3.20.1\bin\..\lib\commons-discovery-0.2.jar;C:\Program Files\SmartBear\ReadyAPI-3.20.1\bin\..\lib\commons-fileupload-1.4.jar;C:\Program Files\SmartBear\ReadyAPI-3.20.1\bin\..\lib\commons-httpclient-3.1.jar;C:\Program Files\SmartBear\ReadyAPI-3.20.1\bin\..\lib\commons-io-secure-2.6.1.jar;C:\Program Files\SmartBear\ReadyAPI-3.20.1\bin\..\lib\commons-lang-2.6.jar;C:\Program Files\SmartBear\ReadyAPI-3.20.1\bin\..\lib\commons-lang3-3.7.jar;C:\Program Files\SmartBear\ReadyAPI-3.20.1\bin\..\lib\commons-logging-1.2.jar;C:\Program Files\SmartBear\ReadyAPI-3.20.1\bin\..\lib\commons-math-1.2.jar;C:\Program Files\SmartBear\ReadyAPI-3.20.1\bin\..\lib\commons-math3-3.6.1.jar;C:\Program Files\SmartBear\ReadyAPI-3.20.1\bin\..\lib\commons-net-2.0.jar;C:\Program Files\SmartBear\ReadyAPI-3.20.1\bin\..\lib\commons-text-1.4.jar;C:\Program Files\SmartBear\ReadyAPI-3.20.1\bin\..\lib\commons-validator-1.7.jar;C:\Program Files\SmartBear\ReadyAPI-3.20.1\bin\..\lib\controlsfx-8.40.12.jar;C:\Program Files\SmartBear\ReadyAPI-3.20.1\bin\..\lib\core-api-3.6.0.jar;C:\Program Files\SmartBear\ReadyAPI-3.20.1\bin\..\lib\core-httpclient-impl-3.6.0.jar;C:\Program Files\SmartBear\ReadyAPI-3.20.1\bin\..\lib\curvesapi-1.06.jar;C:\Program Files\SmartBear\ReadyAPI-3.20.1\bin\..\lib\delight-rhino-sandbox-0.0.6.jar;C:\Program Files\SmartBear\ReadyAPI-3.20.1\bin\..\lib\deltahex-core-0.1.2.jar;C:\Program Files\SmartBear\ReadyAPI-3.20.1\bin\..\lib\deltahex-operation-0.1.2.jar;C:\Program Files\SmartBear\ReadyAPI-3.20.1\bin\..\lib\deltahex-operation-swing-0.1.2.jar;C:\Program Files\SmartBear\ReadyAPI-3.20.1\bin\..\lib\deltahex-swing-0.1.2.jar;C:\Program Files\SmartBear\ReadyAPI-3.20.1\bin\..\lib\ecj-3.21.0.jar;C:\Program Files\SmartBear\ReadyAPI-3.20.1\bin\..\lib\error_prone_annotations-2.3.2.jar;C:\Program Files\SmartBear\ReadyAPI-3.20.1\bin\..\lib\exbin-binary_data-0.1.2.jar;C:\Program Files\SmartBear\ReadyAPI-3.20.1\bin\..\lib\failureaccess-1.0.1.jar;C:\Program Files\SmartBear\ReadyAPI-3.20.1\bin\..\lib\flex-messaging-common-1.0.jar;C:\Program Files\SmartBear\ReadyAPI-3.20.1\bin\..\lib\flex-messaging-core-1.0.jar;C:\Program Files\SmartBear\ReadyAPI-3.20.1\bin\..\lib\flying-saucer-core-9.0.7.jar;C:\Program Files\SmartBear\ReadyAPI-3.20.1\bin\..\lib\flying-saucer-pdf-9.0.7.jar;C:\Program Files\SmartBear\ReadyAPI-3.20.1\bin\..\lib\forms-1.0.7.jar;C:\Program Files\SmartBear\ReadyAPI-3.20.1\bin\..\lib\google-http-client-1.21.0.jar;C:\Program Files\SmartBear\ReadyAPI-3.20.1\bin\..\lib\google-oauth-client-1.21.0.jar;C:\Program Files\SmartBear\ReadyAPI-3.20.1\bin\..\lib\graphql-java-13.0.jar;C:\Program Files\SmartBear\ReadyAPI-3.20.1\bin\..\lib\groovy-3.0.6.jar;C:\Program Files\SmartBear\ReadyAPI-3.20.1\bin\..\lib\groovy-all-3.0.6.jar;C:\Program Files\SmartBear\ReadyAPI-3.20.1\bin\..\lib\groovy-astbuilder-3.0.6.jar;C:\Program Files\SmartBear\ReadyAPI-3.20.1\bin\..\lib\groovy-cli-picocli-3.0.6.jar;C:\Program Files\SmartBear\ReadyAPI-3.20.1\bin\..\lib\groovy-console-3.0.6.jar;C:\Program Files\SmartBear\ReadyAPI-3.20.1\bin\..\lib\groovy-datetime-3.0.6.jar;C:\Program Files\SmartBear\ReadyAPI-3.20.1\bin\..\lib\groovy-dateutil-3.0.6.jar;C:\Program Files\SmartBear\ReadyAPI-3.20.1\bin\..\lib\groovy-docgenerator-3.0.6.jar;C:\Program Files\SmartBear\ReadyAPI-3.20.1\bin\..\lib\groovy-groovydoc-3.0.6.jar;C:\Program Files\SmartBear\ReadyAPI-3.20.1\bin\..\lib\groovy-groovysh-3.0.6.jar;C:\Program Files\SmartBear\ReadyAPI-3.20.1\bin\..\lib\groovy-jmx-3.0.6.jar;C:\Program Files\SmartBear\ReadyAPI-3.20.1\bin\..\lib\groovy-json-3.0.6.jar;C:\Program Files\SmartBear\ReadyAPI-3.20.1\bin\..\lib\groovy-jsr223-3.0.6.jar;C:\Program Files\SmartBear\ReadyAPI-3.20.1\bin\..\lib\groovy-macro-3.0.6.jar;C:\Program Files\SmartBear\ReadyAPI-3.20.1\bin\..\lib\groovy-nio-3.0.6.jar;C:\Program Files\SmartBear\ReadyAPI-3.20.1\bin\..\lib\groovy-servlet-3.0.6.jar;C:\Program Files\SmartBear\ReadyAPI-3.20.1\bin\..\lib\groovy-sql-3.0.6.jar;C:\Program Files\SmartBear\ReadyAPI-3.20.1\bin\..\lib\groovy-swing-3.0.6.jar;C:\Program Files\SmartBear\ReadyAPI-3.20.1\bin\..\lib\groovy-templates-3.0.6.jar;C:\Program Files\SmartBear\ReadyAPI-3.20.1\bin\..\lib\groovy-test-3.0.6.jar;C:\Program Files\SmartBear\ReadyAPI-3.20.1\bin\..\lib\groovy-test-junit5-3.0.6.jar;C:\Program Files\SmartBear\ReadyAPI-3.20.1\bin\..\lib\groovy-testng-3.0.6.jar;C:\Program Files\SmartBear\ReadyAPI-3.20.1\bin\..\lib\groovy-xml-3.0.6.jar;C:\Program Files\SmartBear\ReadyAPI-3.20.1\bin\..\lib\grpc-api-1.41.0.jar;C:\Program Files\SmartBear\ReadyAPI-3.20.1\bin\..\lib\grpc-context-1.41.0.jar;C:\Program Files\SmartBear\ReadyAPI-3.20.1\bin\..\lib\grpc-core-1.41.0.jar;C:\Program Files\SmartBear\ReadyAPI-3.20.1\bin\..\lib\grpc-netty-1.41.0.jar;C:\Program Files\SmartBear\ReadyAPI-3.20.1\bin\..\lib\grpc-protobuf-1.41.0.jar;C:\Program Files\SmartBear\ReadyAPI-3.20.1\bin\..\lib\grpc-protobuf-lite-1.41.0.jar;C:\Program Files\SmartBear\ReadyAPI-3.20.1\bin\..\lib\grpc-stub-1.41.0.jar;C:\Program Files\SmartBear\ReadyAPI-3.20.1\bin\..\lib\gson-2.3.1.jar;C:\Program Files\SmartBear\ReadyAPI-3.20.1\bin\..\lib\guava-28.0-jre.jar;C:\Program Files\SmartBear\ReadyAPI-3.20.1\bin\..\lib\guice-4.2.2.jar;C:\Program Files\SmartBear\ReadyAPI-3.20.1\bin\..\lib\guice-assistedinject-4.2.2.jar;C:\Program Files\SmartBear\ReadyAPI-3.20.1\bin\..\lib\guice-multibindings-4.2.2.jar;C:\Program Files\SmartBear\ReadyAPI-3.20.1\bin\..\lib\h2-1.4.200.jar;C:\Program Files\SmartBear\ReadyAPI-3.20.1\bin\..\lib\hamcrest-core-1.3.jar;C:\Program Files\SmartBear\ReadyAPI-3.20.1\bin\..\lib\har-java-1.0.0.jar;C:\Program Files\SmartBear\ReadyAPI-3.20.1\bin\..\lib\hk2-api-2.6.1.jar;C:\Program Files\SmartBear\ReadyAPI-3.20.1\bin\..\lib\hk2-locator-2.6.1.jar;C:\Program Files\SmartBear\ReadyAPI-3.20.1\bin\..\lib\hk2-utils-2.6.1.jar;C:\Program Files\SmartBear\ReadyAPI-3.20.1\bin\..\lib\htmlunit-2.33-sb-fixed.jar;C:\Program Files\SmartBear\ReadyAPI-3.20.1\bin\..\lib\htmlunit-core-js-2.33.jar;C:\Program Files\SmartBear\ReadyAPI-3.20.1\bin\..\lib\htmlunit-cssparser-1.2.0.jar;C:\Program Files\SmartBear\ReadyAPI-3.20.1\bin\..\lib\httpasyncclient-4.1.jar;C:\Program Files\SmartBear\ReadyAPI-3.20.1\bin\..\lib\httpclient-4.5.2.jar;C:\Program Files\SmartBear\ReadyAPI-3.20.1\bin\..\lib\httpcore-4.4.3.jar;C:\Program Files\SmartBear\ReadyAPI-3.20.1\bin\..\lib\httpcore-nio-4.4.1.jar;C:\Program Files\SmartBear\ReadyAPI-3.20.1\bin\..\lib\httpmime-4.5.6.jar;C:\Program Files\SmartBear\ReadyAPI-3.20.1\bin\..\lib\idw-1.6.1.jar;C:\Program Files\SmartBear\ReadyAPI-3.20.1\bin\..\lib\ini4j-0.5.4.jar;C:\Program Files\SmartBear\ReadyAPI-3.20.1\bin\..\lib\ion-java-1.0.2.jar;C:\Program Files\SmartBear\ReadyAPI-3.20.1\bin\..\lib\itext-2.1.7.jar;C:\Program Files\SmartBear\ReadyAPI-3.20.1\bin\..\lib\j2objc-annotations-1.3.jar;C:\Program Files\SmartBear\ReadyAPI-3.20.1\bin\..\lib\jackson-annotations-2.11.3.jar;C:\Program Files\SmartBear\ReadyAPI-3.20.1\bin\..\lib\jackson-core-2.11.3.jar;C:\Program Files\SmartBear\ReadyAPI-3.20.1\bin\..\lib\jackson-core-asl-1.9.13.jar;C:\Program Files\SmartBear\ReadyAPI-3.20.1\bin\..\lib\jackson-coreutils-2.0.jar;C:\Program Files\SmartBear\ReadyAPI-3.20.1\bin\..\lib\jackson-coreutils-equivalence-1.0.jar;C:\Program Files\SmartBear\ReadyAPI-3.20.1\bin\..\lib\jackson-databind-2.11.3.jar;C:\Program Files\SmartBear\ReadyAPI-3.20.1\bin\..\lib\jackson-dataformat-cbor-2.6.6.jar;C:\Program Files\SmartBear\ReadyAPI-3.20.1\bin\..\lib\jackson-dataformat-csv-2.10.0.jar;C:\Program Files\SmartBear\ReadyAPI-3.20.1\bin\..\lib\jackson-dataformat-xml-2.11.3.jar;C:\Program Files\SmartBear\ReadyAPI-3.20.1\bin\..\lib\jackson-dataformat-yaml-2.11.3.jar;C:\Program Files\SmartBear\ReadyAPI-3.20.1\bin\..\lib\jackson-datatype-jdk8-2.10.0.jar;C:\Program Files\SmartBear\ReadyAPI-3.20.1\bin\..\lib\jackson-datatype-joda-2.10.1.jar;C:\Program Files\SmartBear\ReadyAPI-3.20.1\bin\..\lib\jackson-datatype-jsr310-2.11.3.jar;C:\Program Files\SmartBear\ReadyAPI-3.20.1\bin\..\lib\jackson-jaxrs-base-2.11.3.jar;C:\Program Files\SmartBear\ReadyAPI-3.20.1\bin\..\lib\jackson-jaxrs-json-provider-2.10.1.jar;C:\Program Files\SmartBear\ReadyAPI-3.20.1\bin\..\lib\jackson-jaxrs-xml-provider-2.11.3.jar;C:\Program Files\SmartBear\ReadyAPI-3.20.1\bin\..\lib\jackson-jaxrs-yaml-provider-2.10.1.jar;C:\Program Files\SmartBear\ReadyAPI-3.20.1\bin\..\lib\jackson-mapper-asl-1.9.13.jar;C:\Program Files\SmartBear\ReadyAPI-3.20.1\bin\..\lib\jackson-module-jaxb-annotations-2.11.3.jar;C:\Program Files\SmartBear\ReadyAPI-3.20.1\bin\..\lib\jackson-module-jsonSchema-2.10.0.jar;C:\Program Files\SmartBear\ReadyAPI-3.20.1\bin\..\lib\jackson-module-paranamer-2.10.0.jar;C:\Program Files\SmartBear\ReadyAPI-3.20.1\bin\..\lib\jackson-module-scala_2.11-2.10.0.jar;C:\Program Files\SmartBear\ReadyAPI-3.20.1\bin\..\lib\jacob-1.14.3.jar;C:\Program Files\SmartBear\ReadyAPI-3.20.1\bin\..\lib\jakarta.activation-2.0.0.jar;C:\Program Files\SmartBear\ReadyAPI-3.20.1\bin\..\lib\jakarta.activation-api-1.2.1.jar;C:\Program Files\SmartBear\ReadyAPI-3.20.1\bin\..\lib\jakarta.annotation-api-1.3.5.jar;C:\Program Files\SmartBear\ReadyAPI-3.20.1\bin\..\lib\jakarta.inject-2.6.1.jar;C:\Program Files\SmartBear\ReadyAPI-3.20.1\bin\..\lib\jakarta.mail-2.0.0.jar;C:\Program Files\SmartBear\ReadyAPI-3.20.1\bin\..\lib\jakarta.mail-api-1.6.7.jar;C:\Program Files\SmartBear\ReadyAPI-3.20.1\bin\..\lib\jakarta.validation-api-2.0.2.jar;C:\Program Files\SmartBear\ReadyAPI-3.20.1\bin\..\lib\jakarta.ws.rs-api-2.1.6.jar;C:\Program Files\SmartBear\ReadyAPI-3.20.1\bin\..\lib\jakarta.xml.bind-api-2.3.2.jar;C:\Program Files\SmartBear\ReadyAPI-3.20.1\bin\..\lib\jasperreports-6.13.0-sb-fixed.jar;C:\Program Files\SmartBear\ReadyAPI-3.20.1\bin\..\lib\jasperreports-fonts-liberation-2.1.2.jar;C:\Program Files\SmartBear\ReadyAPI-3.20.1\bin\..\lib\java-dataloader-2.1.1.jar;C:\Program Files\SmartBear\ReadyAPI-3.20.1\bin\..\lib\java-jwt-3.8.1.jar;C:\Program Files\SmartBear\ReadyAPI-3.20.1\bin\..\lib\JavaEWAH-1.1.6.jar;C:\Program Files\SmartBear\ReadyAPI-3.20.1\bin\..\lib\javafx-base-16-win.jar;C:\Program Files\SmartBear\ReadyAPI-3.20.1\bin\..\lib\javafx-base-16.jar;C:\Program Files\SmartBear\ReadyAPI-3.20.1\bin\..\lib\javafx-controls-16-win.jar;C:\Program Files\SmartBear\ReadyAPI-3.20.1\bin\..\lib\javafx-controls-16.jar;C:\Program Files\SmartBear\ReadyAPI-3.20.1\bin\..\lib\javafx-graphics-16-win.jar;C:\Program Files\SmartBear\ReadyAPI-3.20.1\bin\..\lib\javafx-graphics-16.jar;C:\Program Files\SmartBear\ReadyAPI-3.20.1\bin\..\lib\javafx-media-16-win.jar;C:\Program Files\SmartBear\ReadyAPI-3.20.1\bin\..\lib\javafx-media-16.jar;C:\Program Files\SmartBear\ReadyAPI-3.20.1\bin\..\lib\javafx-swing-16-win.jar;C:\Program Files\SmartBear\ReadyAPI-3.20.1\bin\..\lib\javafx-swing-16.jar;C:\Program Files\SmartBear\ReadyAPI-3.20.1\bin\..\lib\javafx-web-16-win.jar;C:\Program Files\SmartBear\ReadyAPI-3.20.1\bin\..\lib\javafx-web-16.jar;C:\Program Files\SmartBear\ReadyAPI-3.20.1\bin\..\lib\javaluator-3.0.0.jar;C:\Program Files\SmartBear\ReadyAPI-3.20.1\bin\..\lib\javaparser-core-3.16.1.jar;C:\Program Files\SmartBear\ReadyAPI-3.20.1\bin\..\lib\javassist-3.19.0-GA.jar;C:\Program Files\SmartBear\ReadyAPI-3.20.1\bin\..\lib\javax.annotation-api-1.3.2.jar;C:\Program Files\SmartBear\ReadyAPI-3.20.1\bin\..\lib\javax.inject-1.jar;C:\Program Files\SmartBear\ReadyAPI-3.20.1\bin\..\lib\javax.json-1.0-b06.jar;C:\Program Files\SmartBear\ReadyAPI-3.20.1\bin\..\lib\javax.json-api-1.0-b06.jar;C:\Program Files\SmartBear\ReadyAPI-3.20.1\bin\..\lib\javax.servlet-api-3.1.0.jar;C:\Program Files\SmartBear\ReadyAPI-3.20.1\bin\..\lib\javax.xml.soap-api-1.4.0.jar;C:\Program Files\SmartBear\ReadyAPI-3.20.1\bin\..\lib\jaxb-api-2.3.1.jar;C:\Program Files\SmartBear\ReadyAPI-3.20.1\bin\..\lib\jaxb-core-2.3.0.1.jar;C:\Program Files\SmartBear\ReadyAPI-3.20.1\bin\..\lib\jaxb-impl-2.3.1.jar;C:\Program Files\SmartBear\ReadyAPI-3.20.1\bin\..\lib\jaxrpc-protection-jdk12.jar;C:\Program Files\SmartBear\ReadyAPI-3.20.1\bin\..\lib\jcalendar-1.3.2.jar;C:\Program Files\SmartBear\ReadyAPI-3.20.1\bin\..\lib\jcommander-1.78.jar;C:\Program Files\SmartBear\ReadyAPI-3.20.1\bin\..\lib\jcommon-1.0.23.jar;C:\Program Files\SmartBear\ReadyAPI-3.20.1\bin\..\lib\jdom-1.1.3.jar;C:\Program Files\SmartBear\ReadyAPI-3.20.1\bin\..\lib\jdtcore-3.2.0.v_658.jar;C:\Program Files\SmartBear\ReadyAPI-3.20.1\bin\..\lib\jersey-client-2.30.1.jar;C:\Program Files\SmartBear\ReadyAPI-3.20.1\bin\..\lib\jersey-common-2.30.1.jar;C:\Program Files\SmartBear\ReadyAPI-3.20.1\bin\..\lib\jersey-container-servlet-core-2.29.1.jar;C:\Program Files\SmartBear\ReadyAPI-3.20.1\bin\..\lib\jersey-entity-filtering-2.30.1.jar;C:\Program Files\SmartBear\ReadyAPI-3.20.1\bin\..\lib\jersey-hk2-2.29.1.jar;C:\Program Files\SmartBear\ReadyAPI-3.20.1\bin\..\lib\jersey-media-jaxb-2.29.1.jar;C:\Program Files\SmartBear\ReadyAPI-3.20.1\bin\..\lib\jersey-media-json-jackson-2.30.1.jar;C:\Program Files\SmartBear\ReadyAPI-3.20.1\bin\..\lib\jersey-media-multipart-2.29.1.jar;C:\Program Files\SmartBear\ReadyAPI-3.20.1\bin\..\lib\jersey-server-2.29.1.jar;C:\Program Files\SmartBear\ReadyAPI-3.20.1\bin\..\lib\jettison-1.2.jar;C:\Program Files\SmartBear\ReadyAPI-3.20.1\bin\..\lib\jetty-client-9.4.12.v20180830.jar;C:\Program Files\SmartBear\ReadyAPI-3.20.1\bin\..\lib\jetty-http-9.4.40.v20210413.jar;C:\Program Files\SmartBear\ReadyAPI-3.20.1\bin\..\lib\jetty-io-9.4.40.v20210413.jar;C:\Program Files\SmartBear\ReadyAPI-3.20.1\bin\..\lib\jetty-security-9.4.40.v20210413.jar;C:\Program Files\SmartBear\ReadyAPI-3.20.1\bin\..\lib\jetty-server-9.4.40.v20210413.jar;C:\Program Files\SmartBear\ReadyAPI-3.20.1\bin\..\lib\jetty-servlet-9.4.40.v20210413.jar;C:\Program Files\SmartBear\ReadyAPI-3.20.1\bin\..\lib\jetty-util-9.4.40.v20210413.jar;C:\Program Files\SmartBear\ReadyAPI-3.20.1\bin\..\lib\jetty-util-ajax-9.4.40.v20210413.jar;C:\Program Files\SmartBear\ReadyAPI-3.20.1\bin\..\lib\jetty-xml-9.4.12.v20180830.jar;C:\Program Files\SmartBear\ReadyAPI-3.20.1\bin\..\lib\jfreechart-1.0.19.jar;C:\Program Files\SmartBear\ReadyAPI-3.20.1\bin\..\lib\jhall-protection.jar;C:\Program Files\SmartBear\ReadyAPI-3.20.1\bin\..\lib\jide-charts-3.6.6.jar;C:\Program Files\SmartBear\ReadyAPI-3.20.1\bin\..\lib\jide-common-3.6.6.jar;C:\Program Files\SmartBear\ReadyAPI-3.20.1\bin\..\lib\jline-2.14.6.jar;C:\Program Files\SmartBear\ReadyAPI-3.20.1\bin\..\lib\jmespath-java-1.11.136.jar;C:\Program Files\SmartBear\ReadyAPI-3.20.1\bin\..\lib\jms-1.1.jar;C:\Program Files\SmartBear\ReadyAPI-3.20.1\bin\..\lib\jna-4.5.2.jar;C:\Program Files\SmartBear\ReadyAPI-3.20.1\bin\..\lib\jna-platform-4.5.2.jar;C:\Program Files\SmartBear\ReadyAPI-3.20.1\bin\..\lib\joda-time-2.10.5.jar;C:\Program Files\SmartBear\ReadyAPI-3.20.1\bin\..\lib\joor-java-8-0.9.10.jar;C:\Program Files\SmartBear\ReadyAPI-3.20.1\bin\..\lib\jopt-simple-5.0.4.jar;C:\Program Files\SmartBear\ReadyAPI-3.20.1\bin\..\lib\jsch-0.1.54.jar;C:\Program Files\SmartBear\ReadyAPI-3.20.1\bin\..\lib\json-20090211.jar;C:\Program Files\SmartBear\ReadyAPI-3.20.1\bin\..\lib\json-patch-1.13.jar;C:\Program Files\SmartBear\ReadyAPI-3.20.1\bin\..\lib\json-path-2.4.0-fixed.jar;C:\Program Files\SmartBear\ReadyAPI-3.20.1\bin\..\lib\json-schema-core-1.2.14.jar;C:\Program Files\SmartBear\ReadyAPI-3.20.1\bin\..\lib\json-schema-validator-0.1.7.jar;C:\Program Files\SmartBear\ReadyAPI-3.20.1\bin\..\lib\json-schema-validator-2.2.14.jar;C:\Program Files\SmartBear\ReadyAPI-3.20.1\bin\..\lib\json-smart-2.4.2.jar;C:\Program Files\SmartBear\ReadyAPI-3.20.1\bin\..\lib\jsoup-1.6.1.jar;C:\Program Files\SmartBear\ReadyAPI-3.20.1\bin\..\lib\jsr305-2.0.0.jar;C:\Program Files\SmartBear\ReadyAPI-3.20.1\bin\..\lib\jtidy-r872-jdk15.jar;C:\Program Files\SmartBear\ReadyAPI-3.20.1\bin\..\lib\jug-protection.jar;C:\Program Files\SmartBear\ReadyAPI-3.20.1\bin\..\lib\junit-4.12.jar;C:\Program Files\SmartBear\ReadyAPI-3.20.1\bin\..\lib\junit-jupiter-api-5.7.0.jar;C:\Program Files\SmartBear\ReadyAPI-3.20.1\bin\..\lib\junit-jupiter-engine-5.7.0.jar;C:\Program Files\SmartBear\ReadyAPI-3.20.1\bin\..\lib\junit-platform-commons-1.7.0.jar;C:\Program Files\SmartBear\ReadyAPI-3.20.1\bin\..\lib\junit-platform-engine-1.7.0.jar;C:\Program Files\SmartBear\ReadyAPI-3.20.1\bin\..\lib\junit-platform-launcher-1.7.0.jar;C:\Program Files\SmartBear\ReadyAPI-3.20.1\bin\..\lib\juniversalchardet-1.0.3.jar;C:\Program Files\SmartBear\ReadyAPI-3.20.1\bin\..\lib\jwks-rsa-0.8.2.jar;C:\Program Files\SmartBear\ReadyAPI-3.20.1\bin\..\lib\jxbrowser-7.12.2.jar;C:\Program Files\SmartBear\ReadyAPI-3.20.1\bin\..\lib\jxbrowser-swing-7.12.2.jar;C:\Program Files\SmartBear\ReadyAPI-3.20.1\bin\..\lib\jxbrowser-win64-7.12.2.jar;C:\Program Files\SmartBear\ReadyAPI-3.20.1\bin\..\lib\jxl-2.6.12.jar;C:\Program Files\SmartBear\ReadyAPI-3.20.1\bin\..\lib\jzlib-1.1.1.jar;C:\Program Files\SmartBear\ReadyAPI-3.20.1\bin\..\lib\kafka-avro-serializer-6.1.0.jar;C:\Program Files\SmartBear\ReadyAPI-3.20.1\bin\..\lib\kafka-clients-2.6.0.jar;C:\Program Files\SmartBear\ReadyAPI-3.20.1\bin\..\lib\kafka-protobuf-provider-6.1.0.jar;C:\Program Files\SmartBear\ReadyAPI-3.20.1\bin\..\lib\kafka-protobuf-serializer-6.1.0.jar;C:\Program Files\SmartBear\ReadyAPI-3.20.1\bin\..\lib\kafka-schema-registry-client-6.1.0.jar;C:\Program Files\SmartBear\ReadyAPI-3.20.1\bin\..\lib\kafka-schema-serializer-6.1.0.jar;C:\Program Files\SmartBear\ReadyAPI-3.20.1\bin\..\lib\kafka_2.11-2.4.1.jar;C:\Program Files\SmartBear\ReadyAPI-3.20.1\bin\..\lib\kotlin-stdlib-1.4.0.jar;C:\Program Files\SmartBear\ReadyAPI-3.20.1\bin\..\lib\kotlin-stdlib-common-1.3.71.jar;C:\Program Files\SmartBear\ReadyAPI-3.20.1\bin\..\lib\kotlin-stdlib-jdk7-1.3.71.jar;C:\Program Files\SmartBear\ReadyAPI-3.20.1\bin\..\lib\kotlin-stdlib-jdk8-1.3.71.jar;C:\Program Files\SmartBear\ReadyAPI-3.20.1\bin\..\lib\l2fprod-common-fontchooser-7.3.jar;C:\Program Files\SmartBear\ReadyAPI-3.20.1\bin\..\lib\languagesupport-2.6.0-fixed.jar;C:\Program Files\SmartBear\ReadyAPI-3.20.1\bin\..\lib\libphonenumber-8.11.1.jar;C:\Program Files\SmartBear\ReadyAPI-3.20.1\bin\..\lib\liquibase-core-3.6.2.jar;C:\Program Files\SmartBear\ReadyAPI-3.20.1\bin\..\lib\liquibase-slf4j-2.0.0.jar;C:\Program Files\SmartBear\ReadyAPI-3.20.1\bin\..\lib\listenablefuture-9999.0-empty-to-avoid-conflict-with-guava.jar;C:\Program Files\SmartBear\ReadyAPI-3.20.1\bin\..\lib\loadui-api-3.20.1.jar;C:\Program Files\SmartBear\ReadyAPI-3.20.1\bin\..\lib\loadui-base-3.20.1.jar;C:\Program Files\SmartBear\ReadyAPI-3.20.1\bin\..\lib\loadui-cmd-base-3.20.1.jar;C:\Program Files\SmartBear\ReadyAPI-3.20.1\bin\..\lib\loadui-component-3.20.1.jar;C:\Program Files\SmartBear\ReadyAPI-3.20.1\bin\..\lib\loadui-controller-base-3.20.1.jar;C:\Program Files\SmartBear\ReadyAPI-3.20.1\bin\..\lib\loadui-pro-agent-base-3.20.1.jar;C:\Program Files\SmartBear\ReadyAPI-3.20.1\bin\..\lib\loadui-pro-base-3.20.1.jar;C:\Program Files\SmartBear\ReadyAPI-3.20.1\bin\..\lib\loadui-pro-socket-client-3.20.1.jar;C:\Program Files\SmartBear\ReadyAPI-3.20.1\bin\..\lib\loadui-reporting-3.20.1.jar;C:\Program Files\SmartBear\ReadyAPI-3.20.1\bin\..\lib\loadui-soapui-runner-3.20.1.jar;C:\Program Files\SmartBear\ReadyAPI-3.20.1\bin\..\lib\loadui-store-h2-3.20.1.jar;C:\Program Files\SmartBear\ReadyAPI-3.20.1\bin\..\lib\loadui-test-utils-3.20.1.jar;C:\Program Files\SmartBear\ReadyAPI-3.20.1\bin\..\lib\loadui-ui-3.20.1.jar;C:\Program Files\SmartBear\ReadyAPI-3.20.1\bin\..\lib\loadui-utils-3.20.1.jar;C:\Program Files\SmartBear\ReadyAPI-3.20.1\bin\..\lib\log4j-1.2-api-2.17.1.jar;C:\Program Files\SmartBear\ReadyAPI-3.20.1\bin\..\lib\log4j-api-2.17.1.jar;C:\Program Files\SmartBear\ReadyAPI-3.20.1\bin\..\lib\log4j-core-2.17.1.jar;C:\Program Files\SmartBear\ReadyAPI-3.20.1\bin\..\lib\log4j-jcl-2.17.1.jar;C:\Program Files\SmartBear\ReadyAPI-3.20.1\bin\..\lib\log4j-jul-2.17.1.jar;C:\Program Files\SmartBear\ReadyAPI-3.20.1\bin\..\lib\log4j-slf4j-impl-2.17.1.jar;C:\Program Files\SmartBear\ReadyAPI-3.20.1\bin\..\lib\looks-2.2.0.jar;C:\Program Files\SmartBear\ReadyAPI-3.20.1\bin\..\lib\lz4-java-1.7.1.jar;C:\Program Files\SmartBear\ReadyAPI-3.20.1\bin\..\lib\mbassador-1.1.10.jar;C:\Program Files\SmartBear\ReadyAPI-3.20.1\bin\..\lib\metrics-core-2.2.0.jar;C:\Program Files\SmartBear\ReadyAPI-3.20.1\bin\..\lib\miglayout-core-5.2.jar;C:\Program Files\SmartBear\ReadyAPI-3.20.1\bin\..\lib\miglayout-swing-5.2.jar;C:\Program Files\SmartBear\ReadyAPI-3.20.1\bin\..\lib\mimepull-1.9.11.jar;C:\Program Files\SmartBear\ReadyAPI-3.20.1\bin\..\lib\mina-core-2.0.9.jar;C:\Program Files\SmartBear\ReadyAPI-3.20.1\bin\..\lib\mixpanel-java-1.4.4.jar;C:\Program Files\SmartBear\ReadyAPI-3.20.1\bin\..\lib\mongo-java-driver-3.4.2.jar;C:\Program Files\SmartBear\ReadyAPI-3.20.1\bin\..\lib\msg-simple-1.2.jar;C:\Program Files\SmartBear\ReadyAPI-3.20.1\bin\..\lib\mxparser-1.2.1.jar;C:\Program Files\SmartBear\ReadyAPI-3.20.1\bin\..\lib\neko-htmlunit-2.33.jar;C:\Program Files\SmartBear\ReadyAPI-3.20.1\bin\..\lib\nekohtml-1.9.14.jar;C:\Program Files\SmartBear\ReadyAPI-3.20.1\bin\..\lib\netty-buffer-4.1.52.Final.jar;C:\Program Files\SmartBear\ReadyAPI-3.20.1\bin\..\lib\netty-codec-4.1.52.Final.jar;C:\Program Files\SmartBear\ReadyAPI-3.20.1\bin\..\lib\netty-codec-http-4.1.52.Final.jar;C:\Program Files\SmartBear\ReadyAPI-3.20.1\bin\..\lib\netty-codec-http2-4.1.52.Final.jar;C:\Program Files\SmartBear\ReadyAPI-3.20.1\bin\..\lib\netty-codec-socks-4.1.52.Final.jar;C:\Program Files\SmartBear\ReadyAPI-3.20.1\bin\..\lib\netty-common-4.1.52.Final.jar;C:\Program Files\SmartBear\ReadyAPI-3.20.1\bin\..\lib\netty-handler-4.1.45.Final.jar;C:\Program Files\SmartBear\ReadyAPI-3.20.1\bin\..\lib\netty-handler-proxy-4.1.52.Final.jar;C:\Program Files\SmartBear\ReadyAPI-3.20.1\bin\..\lib\netty-resolver-4.1.52.Final.jar;C:\Program Files\SmartBear\ReadyAPI-3.20.1\bin\..\lib\netty-transport-4.1.52.Final.jar;C:\Program Files\SmartBear\ReadyAPI-3.20.1\bin\..\lib\netty-transport-native-epoll-4.1.45.Final.jar;C:\Program Files\SmartBear\ReadyAPI-3.20.1\bin\..\lib\netty-transport-native-unix-common-4.1.45.Final.jar;C:\Program Files\SmartBear\ReadyAPI-3.20.1\bin\..\lib\not-going-to-be-commons-ssl-0.3.20.jar;C:\Program Files\SmartBear\ReadyAPI-3.20.1\bin\..\lib\okio-2.5.0.jar;C:\Program Files\SmartBear\ReadyAPI-3.20.1\bin\..\lib\opencsv-2.3.jar;C:\Program Files\SmartBear\ReadyAPI-3.20.1\bin\..\lib\opensaml-2.5.1-1.jar;C:\Program Files\SmartBear\ReadyAPI-3.20.1\bin\..\lib\opentest4j-1.2.0.jar;C:\Program Files\SmartBear\ReadyAPI-3.20.1\bin\..\lib\openws-1.4.2-1.jar;C:\Program Files\SmartBear\ReadyAPI-3.20.1\bin\..\lib\org.apache.oltu.commons.encodedtoken-1.0.0.jar;C:\Program Files\SmartBear\ReadyAPI-3.20.1\bin\..\lib\org.apache.oltu.commons.json-1.0.0.jar;C:\Program Files\SmartBear\ReadyAPI-3.20.1\bin\..\lib\org.apache.oltu.jose.jws-1.0.1.jar;C:\Program Files\SmartBear\ReadyAPI-3.20.1\bin\..\lib\org.apache.oltu.oauth2.authzserver-1.0.0.jar;C:\Program Files\SmartBear\ReadyAPI-3.20.1\bin\..\lib\org.apache.oltu.oauth2.client-0.31.jar;C:\Program Files\SmartBear\ReadyAPI-3.20.1\bin\..\lib\org.apache.oltu.oauth2.common-0.31.jar;C:\Program Files\SmartBear\ReadyAPI-3.20.1\bin\..\lib\org.apache.oltu.oauth2.httpclient4-0.31.jar;C:\Program Files\SmartBear\ReadyAPI-3.20.1\bin\..\lib\org.apache.oltu.oauth2.jwt-1.0.1.jar;C:\Program Files\SmartBear\ReadyAPI-3.20.1\bin\..\lib\org.eclipse.egit.github.core-2.1.5.jar;C:\Program Files\SmartBear\ReadyAPI-3.20.1\bin\..\lib\org.eclipse.jgit-5.1.1.201809181055-r.jar;C:\Program Files\SmartBear\ReadyAPI-3.20.1\bin\..\lib\org.eclipse.xtend.lib-2.8.3.jar;C:\Program Files\SmartBear\ReadyAPI-3.20.1\bin\..\lib\org.eclipse.xtend.lib.macro-2.8.3.jar;C:\Program Files\SmartBear\ReadyAPI-3.20.1\bin\..\lib\org.eclipse.xtext.xbase.lib-2.8.3.jar;C:\Program Files\SmartBear\ReadyAPI-3.20.1\bin\..\lib\osgi-resource-locator-1.0.3.jar;C:\Program Files\SmartBear\ReadyAPI-3.20.1\bin\..\lib\out-app-analytics-provider-2.6.6.jar;C:\Program Files\SmartBear\ReadyAPI-3.20.1\bin\..\lib\paranamer-2.8.jar;C:\Program Files\SmartBear\ReadyAPI-3.20.1\bin\..\lib\pcap4j-core-1.7.2.jar;C:\Program Files\SmartBear\ReadyAPI-3.20.1\bin\..\lib\pcap4j-packetfactory-static-1.7.2.jar;C:\Program Files\SmartBear\ReadyAPI-3.20.1\bin\..\lib\perfmark-api-0.23.0.jar;C:\Program Files\SmartBear\ReadyAPI-3.20.1\bin\..\lib\picocli-4.5.1.jar;C:\Program Files\SmartBear\ReadyAPI-3.20.1\bin\..\lib\poi-4.1.2.jar;C:\Program Files\SmartBear\ReadyAPI-3.20.1\bin\..\lib\poi-ooxml-4.1.2.jar;C:\Program Files\SmartBear\ReadyAPI-3.20.1\bin\..\lib\poi-ooxml-schemas-4.1.2.jar;C:\Program Files\SmartBear\ReadyAPI-3.20.1\bin\..\lib\Protection-5.4.2.jar;C:\Program Files\SmartBear\ReadyAPI-3.20.1\bin\..\lib\ProtectionPriv-5.4.2.jar;C:\Program Files\SmartBear\ReadyAPI-3.20.1\bin\..\lib\proto-google-common-protos-2.0.1.jar;C:\Program Files\SmartBear\ReadyAPI-3.20.1\bin\..\lib\protobuf-java-3.15.8.jar;C:\Program Files\SmartBear\ReadyAPI-3.20.1\bin\..\lib\protobuf-java-util-3.15.8.jar;C:\Program Files\SmartBear\ReadyAPI-3.20.1\bin\..\lib\protoc-3.15.8.jar;C:\Program Files\SmartBear\ReadyAPI-3.20.1\bin\..\lib\proxy-vole-1.0.4.jar;C:\Program Files\SmartBear\ReadyAPI-3.20.1\bin\..\lib\qdox-1.12.1.jar;C:\Program Files\SmartBear\ReadyAPI-3.20.1\bin\..\lib\raml-parser-0.8.40.jar;C:\Program Files\SmartBear\ReadyAPI-3.20.1\bin\..\lib\reactive-streams-1.0.2.jar;C:\Program Files\SmartBear\ReadyAPI-3.20.1\bin\..\lib\ready-api-core-3.20.1.jar;C:\Program Files\SmartBear\ReadyAPI-3.20.1\bin\..\lib\ready-api-dashboard-tiles-3.20.1.jar;C:\Program Files\SmartBear\ReadyAPI-3.20.1\bin\..\lib\ready-api-db-3.20.1.jar;C:\Program Files\SmartBear\ReadyAPI-3.20.1\bin\..\lib\ready-api-integrations-3.20.1.jar;C:\Program Files\SmartBear\ReadyAPI-3.20.1\bin\..\lib\ready-api-jdbc-virts-3.20.1.jar;C:\Program Files\SmartBear\ReadyAPI-3.20.1\bin\..\lib\ready-api-license-3.20.1.jar;C:\Program Files\SmartBear\ReadyAPI-3.20.1\bin\..\lib\ready-api-projects-3.20.1.jar;C:\Program Files\SmartBear\ReadyAPI-3.20.1\bin\..\lib\ready-api-runners-3.20.1.jar;C:\Program Files\SmartBear\ReadyAPI-3.20.1\bin\..\lib\ready-api-security-3.20.1.jar;C:\Program Files\SmartBear\ReadyAPI-3.20.1\bin\..\lib\ready-api-service-v-3.20.1.jar;C:\Program Files\SmartBear\ReadyAPI-3.20.1\bin\..\lib\ready-api-service-v-core-3.20.1.jar;C:\Program Files\SmartBear\ReadyAPI-3.20.1\bin\..\lib\ready-api-soapui-3.20.1.jar;C:\Program Files\SmartBear\ReadyAPI-3.20.1\bin\..\lib\ready-api-soapui-ng-3.20.1.jar;C:\Program Files\SmartBear\ReadyAPI-3.20.1\bin\..\lib\ready-api-soapui-pro-3.20.1.jar;C:\Program Files\SmartBear\ReadyAPI-3.20.1\bin\..\lib\ready-api-starterpage-3.20.1.jar;C:\Program Files\SmartBear\ReadyAPI-3.20.1\bin\..\lib\readyapi-js-libraries-packaged-3.20.1.jar;C:\Program Files\SmartBear\ReadyAPI-3.20.1\bin\..\lib\reflections-0.9.9.jar;C:\Program Files\SmartBear\ReadyAPI-3.20.1\bin\..\lib\reports-1.0.jar;C:\Program Files\SmartBear\ReadyAPI-3.20.1\bin\..\lib\rhino-1.7.10.jar;C:\Program Files\SmartBear\ReadyAPI-3.20.1\bin\..\lib\rsyntaxtextarea-2.6.1.jar;C:\Program Files\SmartBear\ReadyAPI-3.20.1\bin\..\lib\saxon-9.1.0.8j.jar;C:\Program Files\SmartBear\ReadyAPI-3.20.1\bin\..\lib\saxon-dom-9.1.0.8j.jar;C:\Program Files\SmartBear\ReadyAPI-3.20.1\bin\..\lib\scala-collection-compat_2.11-2.1.2.jar;C:\Program Files\SmartBear\ReadyAPI-3.20.1\bin\..\lib\scala-java8-compat_2.11-0.9.0.jar;C:\Program Files\SmartBear\ReadyAPI-3.20.1\bin\..\lib\scala-library-2.11.12.jar;C:\Program Files\SmartBear\ReadyAPI-3.20.1\bin\..\lib\scala-logging_2.11-3.9.2.jar;C:\Program Files\SmartBear\ReadyAPI-3.20.1\bin\..\lib\scala-reflect-2.11.12.jar;C:\Program Files\SmartBear\ReadyAPI-3.20.1\bin\..\lib\serializer-2.7.2.jar;C:\Program Files\SmartBear\ReadyAPI-3.20.1\bin\..\lib\slf4j-api-1.7.30.jar;C:\Program Files\SmartBear\ReadyAPI-3.20.1\bin\..\lib\slf4j-ext-1.7.30.jar;C:\Program Files\SmartBear\ReadyAPI-3.20.1\bin\..\lib\snakeyaml-1.26.jar;C:\Program Files\SmartBear\ReadyAPI-3.20.1\bin\..\lib\snappy-java-1.1.7.3.jar;C:\Program Files\SmartBear\ReadyAPI-3.20.1\bin\..\lib\snmp4j-1.10.1.jar;C:\Program Files\SmartBear\ReadyAPI-3.20.1\bin\..\lib\snmp4j-agent-1.3.1.jar;C:\Program Files\SmartBear\ReadyAPI-3.20.1\bin\..\lib\SparseBitSet-1.2.jar;C:\Program Files\SmartBear\ReadyAPI-3.20.1\bin\..\lib\spring-aop-5.3.1.jar;C:\Program Files\SmartBear\ReadyAPI-3.20.1\bin\..\lib\spring-beans-5.3.1.jar;C:\Program Files\SmartBear\ReadyAPI-3.20.1\bin\..\lib\spring-context-5.3.1.jar;C:\Program Files\SmartBear\ReadyAPI-3.20.1\bin\..\lib\spring-core-5.3.1.jar;C:\Program Files\SmartBear\ReadyAPI-3.20.1\bin\..\lib\spring-expression-5.3.1.jar;C:\Program Files\SmartBear\ReadyAPI-3.20.1\bin\..\lib\spring-jcl-5.3.1.jar;C:\Program Files\SmartBear\ReadyAPI-3.20.1\bin\..\lib\spring-jdbc-5.3.1.jar;C:\Program Files\SmartBear\ReadyAPI-3.20.1\bin\..\lib\spring-tx-5.3.1.jar;C:\Program Files\SmartBear\ReadyAPI-3.20.1\bin\..\lib\stax2-api-4.2.jar;C:\Program Files\SmartBear\ReadyAPI-3.20.1\bin\..\lib\swagger-annotations-1.6.2.jar;C:\Program Files\SmartBear\ReadyAPI-3.20.1\bin\..\lib\swagger-annotations-2.1.0.jar;C:\Program Files\SmartBear\ReadyAPI-3.20.1\bin\..\lib\swagger-compat-spec-parser-1.0.53.jar;C:\Program Files\SmartBear\ReadyAPI-3.20.1\bin\..\lib\swagger-core-1.6.2.jar;C:\Program Files\SmartBear\ReadyAPI-3.20.1\bin\..\lib\swagger-core-2.1.5.jar;C:\Program Files\SmartBear\ReadyAPI-3.20.1\bin\..\lib\swagger-inflector-1.0.19.jar;C:\Program Files\SmartBear\ReadyAPI-3.20.1\bin\..\lib\swagger-inflector-new-2.0.5.jar;C:\Program Files\SmartBear\ReadyAPI-3.20.1\bin\..\lib\swagger-integration-2.1.0.jar;C:\Program Files\SmartBear\ReadyAPI-3.20.1\bin\..\lib\swagger-jaxrs-1.6.1.jar;C:\Program Files\SmartBear\ReadyAPI-3.20.1\bin\..\lib\swagger-jaxrs2-2.1.0.jar;C:\Program Files\SmartBear\ReadyAPI-3.20.1\bin\..\lib\swagger-jersey2-jaxrs-1.6.1.jar;C:\Program Files\SmartBear\ReadyAPI-3.20.1\bin\..\lib\swagger-models-1.6.2.jar;C:\Program Files\SmartBear\ReadyAPI-3.20.1\bin\..\lib\swagger-models-2.1.7.jar;C:\Program Files\SmartBear\ReadyAPI-3.20.1\bin\..\lib\swagger-parser-1.0.54.jar;C:\Program Files\SmartBear\ReadyAPI-3.20.1\bin\..\lib\swagger-parser-2.0.24.jar;C:\Program Files\SmartBear\ReadyAPI-3.20.1\bin\..\lib\swagger-parser-core-2.0.24.jar;C:\Program Files\SmartBear\ReadyAPI-3.20.1\bin\..\lib\swagger-parser-v2-converter-2.0.24.jar;C:\Program Files\SmartBear\ReadyAPI-3.20.1\bin\..\lib\swagger-parser-v3-2.0.24.jar;C:\Program Files\SmartBear\ReadyAPI-3.20.1\bin\..\lib\swagger4j-1.0.0.jar;C:\Program Files\SmartBear\ReadyAPI-3.20.1\bin\..\lib\swingx-soapui.jar;C:\Program Files\SmartBear\ReadyAPI-3.20.1\bin\..\lib\testng-7.3.0.jar;C:\Program Files\SmartBear\ReadyAPI-3.20.1\bin\..\lib\tika-core-1.24.1.jar;C:\Program Files\SmartBear\ReadyAPI-3.20.1\bin\..\lib\uri-template-0.10.jar;C:\Program Files\SmartBear\ReadyAPI-3.20.1\bin\..\lib\VeracodeAnnotations-1.0.4.jar;C:\Program Files\SmartBear\ReadyAPI-3.20.1\bin\..\lib\vt-crypt-2.1.4.jar;C:\Program Files\SmartBear\ReadyAPI-3.20.1\bin\..\lib\vt-dictionary-3.0.jar;C:\Program Files\SmartBear\ReadyAPI-3.20.1\bin\..\lib\vt-password-3.1.2.jar;C:\Program Files\SmartBear\ReadyAPI-3.20.1\bin\..\lib\websocket-api-9.4.12.v20180830.jar;C:\Program Files\SmartBear\ReadyAPI-3.20.1\bin\..\lib\websocket-client-9.4.12.v20180830.jar;C:\Program Files\SmartBear\ReadyAPI-3.20.1\bin\..\lib\websocket-common-9.4.12.v20180830.jar;C:\Program Files\SmartBear\ReadyAPI-3.20.1\bin\..\lib\wire-runtime-3.2.2.jar;C:\Program Files\SmartBear\ReadyAPI-3.20.1\bin\..\lib\wire-schema-3.2.2.jar;C:\Program Files\SmartBear\ReadyAPI-3.20.1\bin\..\lib\woodstox-core-6.2.0.jar;C:\Program Files\SmartBear\ReadyAPI-3.20.1\bin\..\lib\ws-commons-util-1.0.2.jar;C:\Program Files\SmartBear\ReadyAPI-3.20.1\bin\..\lib\wsdl4j-1.6.2-fixed.jar;C:\Program Files\SmartBear\ReadyAPI-3.20.1\bin\..\lib\wss4j-1.6.18.jar;C:\Program Files\SmartBear\ReadyAPI-3.20.1\bin\..\lib\xalan-2.7.2.jar;C:\Program Files\SmartBear\ReadyAPI-3.20.1\bin\..\lib\xercesImpl-2.12.0.jar;C:\Program Files\SmartBear\ReadyAPI-3.20.1\bin\..\lib\xlsx-streamer-0.2.10-fixed.jar;C:\Program Files\SmartBear\ReadyAPI-3.20.1\bin\..\lib\xml-apis-ext-1.3.04.jar;C:\Program Files\SmartBear\ReadyAPI-3.20.1\bin\..\lib\xmlbeans-3.1.2-sb-fixed.jar;C:\Program Files\SmartBear\ReadyAPI-3.20.1\bin\..\lib\xmlgraphics-commons-2.4.jar;C:\Program Files\SmartBear\ReadyAPI-3.20.1\bin\..\lib\xmlpull-1.1.3.1.jar;C:\Program Files\SmartBear\ReadyAPI-3.20.1\bin\..\lib\xmlsec-1.5.8.jar;C:\Program Files\SmartBear\ReadyAPI-3.20.1\bin\..\lib\xmltooling-1.3.2-1.jar;C:\Program Files\SmartBear\ReadyAPI-3.20.1\bin\..\lib\xmlunit-1.2.jar;C:\Program Files\SmartBear\ReadyAPI-3.20.1\bin\..\lib\xstream-1.4.16.jar;C:\Program Files\SmartBear\ReadyAPI-3.20.1\bin\..\lib\zookeeper-3.5.7.jar;C:\Program Files\SmartBear\ReadyAPI-3.20.1\bin\..\lib\zookeeper-jute-3.5.7.jar;C:\Program Files\SmartBear\ReadyAPI-3.20.1\bin\..\lib\zstd-jni-1.4.4-7.jar"/><property name="sun.awt.enableExtraMouseButtons" value="true"/><property name="java.vm.vendor" value="Oracle Corporation"/><property name="sun.arch.data.model" value="64"/><property name="user.variant" value=""/><property name="java.vendor.url" value="https://java.oracle.com/"/><property name="log4j2.formatMsgNoLookups" value="true"/><property name="user.timezone" value="Asia/Calcutta"/><property name="java.vm.specification.version" value="16"/><property name="os.name" value="Windows 10"/><property name="sun.java.launcher" value="SUN_STANDARD"/><property name="user.country" value="IN"/><property name="sun.boot.library.path" value="C:\Program Files\SmartBear\ReadyAPI-3.20.1\jre\bin"/><property name="sun.java.command" value="com.smartbear.ready.cmd.runner.pro.SoapUIProTestCaseRunner -sTEST SUITE-NEGATIVE -r -a -j -f${WORKSPACE} -RJUnit-Style HTML Report -FXML -EDefault environment C:\Users\IQT\Desktop\Shaheen-Ready API tool\Day#3\REST-APIs-NEGATIVE-TESTING-readyapi-project.xml"/><property name="jdk.debug" value="release"/><property name="sun.cpu.endian" value="little"/><property name="user.home" value="C:\Users\IQT"/><property name="user.language" value="en"/><property name="java.specification.vendor" value="Oracle Corporation"/><property name="org.eclipse.jetty.util.log.class" value="com.eviware.soapui.support.log.JettyLogger"/><property name="soapui.home" value="C:\Program Files\SmartBear\ReadyAPI-3.20.1\bin\"/><property name="java.version.date" value="2021-04-20"/><property name="java.home" value="C:\Program Files\SmartBear\ReadyAPI-3.20.1\jre"/><property name="javax.accessibility.assistive_technologies" value="com.sun.java.accessibility.AccessBridge"/><property name="file.separator" value="\"/><property name="java.vm.compressedOopsMode" value="Zero based"/><property name="line.separator" value="
"/><property name="java.vm.specification.vendor" value="Oracle Corporation"/><property name="java.specification.name" value="Java Platform API Specification"/><property name="soapui.ext.listeners" value="C:\Program Files\SmartBear\ReadyAPI-3.20.1\bin\listeners"/><property name="javax.accessibility.screen_magnifier_present" value="true"/><property name="groovy.source.encoding" value="iso-8859-1"/><property name="user.script" value=""/><property name="sun.management.compiler" value="HotSpot 64-Bit Tiered Compilers"/><property name="java.runtime.version" value="16.0.1+9-24"/><property name="user.name" value="IQT"/><property name="path.separator" value=";"/><property name="os.version" value="10.0"/><property name="java.runtime.name" value="OpenJDK Runtime Environment"/><property name="file.encoding" value="Cp1252"/><property name="jnidispatch.path" value="C:\Users\IQT\AppData\Local\Temp\jna-72748\jna4915348497487507975.dll"/><property name="soapui.ext.libraries" value="C:\Program Files\SmartBear\ReadyAPI-3.20.1\bin\ext"/><property name="java.vm.name" value="OpenJDK 64-Bit Server VM"/><property name="jna.loaded" value="true"/><property name="java.vendor.url.bug" value="https://bugreport.java.com/bugreport/"/><property name="java.io.tmpdir" value="C:\Users\IQT\AppData\Local\Temp\"/><property name="java.version" value="16.0.1"/><property name="user.dir" value="C:\Program Files\SmartBear\ReadyAPI-3.20.1\bin"/><property name="os.arch" value="amd64"/><property name="test.history.disabled" value="true"/><property name="java.vm.specification.name" value="Java Virtual Machine Specification"/><property name="sun.os.patch.level" value=""/><property name="java.util.logging.manager" value="org.apache.logging.log4j.jul.LogManager"/><property name="java.library.path" value="C:\Program Files\SmartBear\ReadyAPI-3.20.1\jre\bin;C:\WINDOWS\Sun\Java\bin;C:\WINDOWS\system32;C:\WINDOWS;C:\Program Files (x86)\Common Files\Oracle\Java\javapath;C:\WINDOWS\system32;C:\WINDOWS;C:\WINDOWS\System32\Wbem;C:\WINDOWS\System32\WindowsPowerShell\v1.0\;C:\WINDOWS\System32\OpenSSH\;C:\Program Files\nodejs\;C:\Program Files\Java\jdk-11.0.9\bin;C:\Users\IQT\AppData\Roaming\npm\node_modules\newman\;C:\Users\IQT\AppData\Roaming\npm\newman;C:\Program Files\Git\cmd;C:\Windows\System32;C:\Program Files\MySQL\MySQL Shell 8.0\bin\;."/><property name="java.vm.info" value="mixed mode"/><property name="java.vendor" value="Oracle Corporation"/><property name="java.vm.version" value="16.0.1+9-24"/><property name="sun.io.unicode.encoding" value="UnicodeLittle"/><property name="soapui.ext.actions" value="C:\Program Files\SmartBear\ReadyAPI-3.20.1\bin\actions"/><property name="java.class.version" value="60.0"/><property name="soapui.properties" value="soapui.properties"/></properties><testcase name="NEGATIVE TEST CASES" time="6.556"><failure type="Failing due to failed test step" message="Failing due to failed test step"><![CDATA[<h3><b>LIST USERS-METHOD TAMPERING Failed</b></h3><pre>[Verify if 405 response code is received from the server] Response status code: 200 is not in acceptable list of status codes
Status: FAIL
Time Taken: 760
Size: 996
Timestamp: Tue Feb 08 10:39:25 IST 2022
TestStep: LIST USERS-METHOD TAMPERING

----------------- Messages ------------------------------
[Verify if 405 response code is received from the server] Response status code: 200 is not in acceptable list of status codes

----------------- Properties ------------------------------
HTTP Version: HTTP/1.1
Endpoint: https://reqres.in
Method: GET
StatusCode: 200
URL: https://reqres.in/api/users?page=

---------------- Request ---------------------------
Connection: [Keep-Alive]
User-Agent: [Apache-HttpClient/4.5.2 (Java/16.0.1)]
Host: [reqres.in]
Accept-Encoding: [gzip,deflate]
Content-Length: [0]

GET https://reqres.in/api/users?page= HTTP/1.1
Accept-Encoding: gzip,deflate
Content-Length: 0
Host: reqres.in
Connection: Keep-Alive
User-Agent: Apache-HttpClient/4.5.2 (Java/16.0.1)


---------------- Response --------------------------
Transfer-Encoding: [chunked]
Server: [cloudflare]
CF-RAY: [6da25881bcdec92c-HYD]
Connection: [keep-alive]
Date: [Tue, 08 Feb 2022 05:09:26 GMT]
via: [1.1 vegur]
access-control-allow-origin: [*]
CF-Cache-Status: [MISS]
Cache-Control: [max-age=14400]
NEL: [{&quot;success_fraction&quot;:0,&quot;report_to&quot;:&quot;cf-nel&quot;,&quot;max_age&quot;:604800}]
Report-To: [{&quot;endpoints&quot;:[{&quot;url&quot;:&quot;https:\/\/a.nel.cloudflare.com\/report\/v3?s=voCjUcRCKREx%2F%2FnQO2k7RkIk8K609sMqqeTK2NHIwmlLaHNEVPgHbCDR7ZU94%2Bcaa%2BlWHRPsXRPFhqPnOtP9lf25g%2BAo92EXDRaCp%2Fq4GQTmt%2FCUwjIbMIBN2gQ%3D&quot;}],&quot;group&quot;:&quot;cf-nel&quot;,&quot;max_age&quot;:604800}]
x-powered-by: [Express]
etag: [W/&quot;3e4-2RLXvr5wTg9YQ6aH95CkYoFNuO8&quot;]
Vary: [Accept-Encoding]
#status#: [HTTP/1.1 200 OK]
alt-svc: [h3=&quot;:443&quot;; ma=86400, h3-29=&quot;:443&quot;; ma=86400]
Content-Type: [application/json; charset=utf-8]
Expect-CT: [max-age=604800, report-uri=&quot;https://report-uri.cloudflare.com/cdn-cgi/beacon/expect-ct&quot;]

{&quot;page&quot;:1,&quot;per_page&quot;:6,&quot;total&quot;:12,&quot;total_pages&quot;:2,&quot;data&quot;:[{&quot;id&quot;:1,&quot;email&quot;:&quot;george.bluth@reqres.in&quot;,&quot;first_name&quot;:&quot;George&quot;,&quot;last_name&quot;:&quot;Bluth&quot;,&quot;avatar&quot;:&quot;https://reqres.in/img/faces/1-image.jpg&quot;},{&quot;id&quot;:2,&quot;email&quot;:&quot;janet.weaver@reqres.in&quot;,&quot;first_name&quot;:&quot;Janet&quot;,&quot;last_name&quot;:&quot;Weaver&quot;,&quot;avatar&quot;:&quot;https://reqres.in/img/faces/2-image.jpg&quot;},{&quot;id&quot;:3,&quot;email&quot;:&quot;emma.wong@reqres.in&quot;,&quot;first_name&quot;:&quot;Emma&quot;,&quot;last_name&quot;:&quot;Wong&quot;,&quot;avatar&quot;:&quot;https://reqres.in/img/faces/3-image.jpg&quot;},{&quot;id&quot;:4,&quot;email&quot;:&quot;eve.holt@reqres.in&quot;,&quot;first_name&quot;:&quot;Eve&quot;,&quot;last_name&quot;:&quot;Holt&quot;,&quot;avatar&quot;:&quot;https://reqres.in/img/faces/4-image.jpg&quot;},{&quot;id&quot;:5,&quot;email&quot;:&quot;charles.morris@reqres.in&quot;,&quot;first_name&quot;:&quot;Charles&quot;,&quot;last_name&quot;:&quot;Morris&quot;,&quot;avatar&quot;:&quot;https://reqres.in/img/faces/5-image.jpg&quot;},{&quot;id&quot;:6,&quot;email&quot;:&quot;tracey.ramos@reqres.in&quot;,&quot;first_name&quot;:&quot;Tracey&quot;,&quot;last_name&quot;:&quot;Ramos&quot;,&quot;avatar&quot;:&quot;https://reqres.in/img/faces/6-image.jpg&quot;}],&quot;support&quot;:{&quot;url&quot;:&quot;https://reqres.in/#support-heading&quot;,&quot;text&quot;:&quot;To keep ReqRes free, contributions towards server costs are appreciated!&quot;}}
</pre><hr/><h3><b>CREATE USER-METHOD TAMPERING Failed</b></h3><pre>[Verify if 405 is the response code] Response status code: 201 is not in acceptable list of status codes
Status: FAIL
Time Taken: 623
Size: 82
Timestamp: Tue Feb 08 10:39:27 IST 2022
TestStep: CREATE USER-METHOD TAMPERING

----------------- Messages ------------------------------
[Verify if 405 is the response code] Response status code: 201 is not in acceptable list of status codes

----------------- Properties ------------------------------
HTTP Version: HTTP/1.1
Endpoint: https://reqres.in
Method: POST
StatusCode: 201
URL: https://reqres.in/api/users

---------------- Request ---------------------------
Connection: [Keep-Alive]
User-Agent: [Apache-HttpClient/4.5.2 (Java/16.0.1)]
Host: [reqres.in]
Accept-Encoding: [gzip,deflate]
Content-Length: [46]
Content-Type: [application/json]

POST https://reqres.in/api/users HTTP/1.1
Accept-Encoding: gzip,deflate
Content-Type: application/json
Content-Length: 46
Host: reqres.in
Connection: Keep-Alive
User-Agent: Apache-HttpClient/4.5.2 (Java/16.0.1)

{
    &quot;name&quot;: &quot;Kiran&quot;,
    &quot;job&quot;: &quot;Trainer&quot;
}


---------------- Response --------------------------
Server: [cloudflare]
CF-RAY: [6da25887c8f7c92c-HYD]
Connection: [keep-alive]
Date: [Tue, 08 Feb 2022 05:09:26 GMT]
via: [1.1 vegur]
access-control-allow-origin: [*]
CF-Cache-Status: [DYNAMIC]
NEL: [{&quot;success_fraction&quot;:0,&quot;report_to&quot;:&quot;cf-nel&quot;,&quot;max_age&quot;:604800}]
Report-To: [{&quot;endpoints&quot;:[{&quot;url&quot;:&quot;https:\/\/a.nel.cloudflare.com\/report\/v3?s=l65if%2FhEGaIuAx%2FVTA37GUqS31o73Mtw5SMouDYGzqqYSsCgvI2DZo5HXKZtxMFhQ6yFD8wloBOluFn9OtRNirVsrRHW7ZVgySF8ZxBhD%2B0oDu0brc7nGSfMtQw%3D&quot;}],&quot;group&quot;:&quot;cf-nel&quot;,&quot;max_age&quot;:604800}]
x-powered-by: [Express]
etag: [W/&quot;52-6vp4G3Dpag8HSjXqzy8zC8EIPW4&quot;]
#status#: [HTTP/1.1 201 Created]
Content-Length: [82]
alt-svc: [h3=&quot;:443&quot;; ma=86400, h3-29=&quot;:443&quot;; ma=86400]
Content-Type: [application/json; charset=utf-8]
Expect-CT: [max-age=604800, report-uri=&quot;https://report-uri.cloudflare.com/cdn-cgi/beacon/expect-ct&quot;]

{&quot;name&quot;:&quot;Kiran&quot;,&quot;job&quot;:&quot;Trainer&quot;,&quot;id&quot;:&quot;790&quot;,&quot;createdAt&quot;:&quot;2022-02-08T05:09:26.793Z&quot;}
</pre><hr/><h3><b>CREATE USER-INVALID PAYLOAD Failed</b></h3><pre>[Verify if 400 is the response code] Response status code: 201 is not in acceptable list of status codes
Status: FAIL
Time Taken: 609
Size: 75
Timestamp: Tue Feb 08 10:39:27 IST 2022
TestStep: CREATE USER-INVALID PAYLOAD

----------------- Messages ------------------------------
[Verify if 400 is the response code] Response status code: 201 is not in acceptable list of status codes

----------------- Properties ------------------------------
HTTP Version: HTTP/1.1
Endpoint: https://reqres.in
Method: POST
StatusCode: 201
URL: https://reqres.in/api/users

---------------- Request ---------------------------
Connection: [Keep-Alive]
User-Agent: [Apache-HttpClient/4.5.2 (Java/16.0.1)]
Host: [reqres.in]
Accept-Encoding: [gzip,deflate]
Content-Length: [39]
Content-Type: [application/json]

POST https://reqres.in/api/users HTTP/1.1
Accept-Encoding: gzip,deflate
Content-Type: application/json
Content-Length: 39
Host: reqres.in
Connection: Keep-Alive
User-Agent: Apache-HttpClient/4.5.2 (Java/16.0.1)

{
    &quot;name&quot;: &quot;Kiran&quot;,
    &quot;job&quot;: &quot;&quot;
}


---------------- Response --------------------------
Server: [cloudflare]
CF-RAY: [6da2588bdb1cc92c-HYD]
Connection: [keep-alive]
Date: [Tue, 08 Feb 2022 05:09:27 GMT]
via: [1.1 vegur]
access-control-allow-origin: [*]
CF-Cache-Status: [DYNAMIC]
NEL: [{&quot;success_fraction&quot;:0,&quot;report_to&quot;:&quot;cf-nel&quot;,&quot;max_age&quot;:604800}]
Report-To: [{&quot;endpoints&quot;:[{&quot;url&quot;:&quot;https:\/\/a.nel.cloudflare.com\/report\/v3?s=Yz7fiIckXY37Gy2%2B1BFrn3MEP0jrKfGvMhqgwlzb8D%2B0SA2MucQnM1bkTN%2BZsInA7uV4AAxrn76bkhClBjPBKnvZEXtuzB6M3FEBlu4xInluwTdsHrEn0cpZHCU%3D&quot;}],&quot;group&quot;:&quot;cf-nel&quot;,&quot;max_age&quot;:604800}]
x-powered-by: [Express]
etag: [W/&quot;4b-9bQWkziat41Ai4VzWYdNv/4fcWs&quot;]
#status#: [HTTP/1.1 201 Created]
Content-Length: [75]
alt-svc: [h3=&quot;:443&quot;; ma=86400, h3-29=&quot;:443&quot;; ma=86400]
Content-Type: [application/json; charset=utf-8]
Expect-CT: [max-age=604800, report-uri=&quot;https://report-uri.cloudflare.com/cdn-cgi/beacon/expect-ct&quot;]

{&quot;name&quot;:&quot;Kiran&quot;,&quot;job&quot;:&quot;&quot;,&quot;id&quot;:&quot;510&quot;,&quot;createdAt&quot;:&quot;2022-02-08T05:09:27.431Z&quot;}
</pre><hr/><h3><b>CREATE USER-INVALID-PAYLOAD Failed</b></h3><pre>[Verify if 400 is the response code] Response status code: 201 is not in acceptable list of status codes
Status: FAIL
Time Taken: 628
Size: 77
Timestamp: Tue Feb 08 10:39:28 IST 2022
TestStep: CREATE USER-INVALID-PAYLOAD

----------------- Messages ------------------------------
[Verify if 400 is the response code] Response status code: 201 is not in acceptable list of status codes

----------------- Properties ------------------------------
HTTP Version: HTTP/1.1
Endpoint: https://reqres.in
Method: POST
StatusCode: 201
URL: https://reqres.in/api/users

---------------- Request ---------------------------
Connection: [Keep-Alive]
User-Agent: [Apache-HttpClient/4.5.2 (Java/16.0.1)]
Host: [reqres.in]
Accept-Encoding: [gzip,deflate]
Content-Length: [41]
Content-Type: [application/json]

POST https://reqres.in/api/users HTTP/1.1
Accept-Encoding: gzip,deflate
Content-Type: application/json
Content-Length: 41
Host: reqres.in
Connection: Keep-Alive
User-Agent: Apache-HttpClient/4.5.2 (Java/16.0.1)

{
    &quot;name&quot;: &quot;&quot;,
    &quot;job&quot;: &quot;Trainer&quot;
}


---------------- Response --------------------------
Server: [cloudflare]
CF-RAY: [6da2588fdd05c92c-HYD]
Connection: [keep-alive]
Date: [Tue, 08 Feb 2022 05:09:28 GMT]
via: [1.1 vegur]
access-control-allow-origin: [*]
CF-Cache-Status: [DYNAMIC]
NEL: [{&quot;success_fraction&quot;:0,&quot;report_to&quot;:&quot;cf-nel&quot;,&quot;max_age&quot;:604800}]
Report-To: [{&quot;endpoints&quot;:[{&quot;url&quot;:&quot;https:\/\/a.nel.cloudflare.com\/report\/v3?s=Js%2F6Y6G1KmFRtwXTX7gvVhulXFOZWWiRyxXJf6lzcpyzC6bayWo7MQtnoLnnqQwVzm1rDytID2vArWIBmd3tFVcQ6v8tXI4sJE8k7A5ifeWhHFY6FqXNy8DMYwY%3D&quot;}],&quot;group&quot;:&quot;cf-nel&quot;,&quot;max_age&quot;:604800}]
x-powered-by: [Express]
etag: [W/&quot;4d-i/Zcy+GgAELIyhdK9t5yP9WlY8M&quot;]
#status#: [HTTP/1.1 201 Created]
Content-Length: [77]
alt-svc: [h3=&quot;:443&quot;; ma=86400, h3-29=&quot;:443&quot;; ma=86400]
Content-Type: [application/json; charset=utf-8]
Expect-CT: [max-age=604800, report-uri=&quot;https://report-uri.cloudflare.com/cdn-cgi/beacon/expect-ct&quot;]

{&quot;name&quot;:&quot;&quot;,&quot;job&quot;:&quot;Trainer&quot;,&quot;id&quot;:&quot;793&quot;,&quot;createdAt&quot;:&quot;2022-02-08T05:09:28.082Z&quot;}
</pre><hr/><h3><b>CREATE USER-INVALID--PAYLOAD Failed</b></h3><pre>[Verify if 400 is the response code] Response status code: 201 is not in acceptable list of status codes
Status: FAIL
Time Taken: 648
Size: 70
Timestamp: Tue Feb 08 10:39:29 IST 2022
TestStep: CREATE USER-INVALID--PAYLOAD

----------------- Messages ------------------------------
[Verify if 400 is the response code] Response status code: 201 is not in acceptable list of status codes

----------------- Properties ------------------------------
HTTP Version: HTTP/1.1
Endpoint: https://reqres.in
Method: POST
StatusCode: 201
URL: https://reqres.in/api/users

---------------- Request ---------------------------
Connection: [Keep-Alive]
User-Agent: [Apache-HttpClient/4.5.2 (Java/16.0.1)]
Host: [reqres.in]
Accept-Encoding: [gzip,deflate]
Content-Length: [34]
Content-Type: [application/json]

POST https://reqres.in/api/users HTTP/1.1
Accept-Encoding: gzip,deflate
Content-Type: application/json
Content-Length: 34
Host: reqres.in
Connection: Keep-Alive
User-Agent: Apache-HttpClient/4.5.2 (Java/16.0.1)

{
    &quot;name&quot;: &quot;&quot;,
    &quot;job&quot;: &quot;&quot;
}


---------------- Response --------------------------
Server: [cloudflare]
CF-RAY: [6da25893ff47c92c-HYD]
Connection: [keep-alive]
Date: [Tue, 08 Feb 2022 05:09:28 GMT]
via: [1.1 vegur]
access-control-allow-origin: [*]
CF-Cache-Status: [DYNAMIC]
NEL: [{&quot;success_fraction&quot;:0,&quot;report_to&quot;:&quot;cf-nel&quot;,&quot;max_age&quot;:604800}]
Report-To: [{&quot;endpoints&quot;:[{&quot;url&quot;:&quot;https:\/\/a.nel.cloudflare.com\/report\/v3?s=qZVYLlPqjzMfgCV%2F%2F1kAyhHHL07FcJcfiaQwrtFd0Aw1GEa4fVszovBy5lVGPZq1vyyiXp26kOUbPHtHKOvSe5wWXz4QUK30MlcCqjSwOHUHQEHsrLEbE4dttfk%3D&quot;}],&quot;group&quot;:&quot;cf-nel&quot;,&quot;max_age&quot;:604800}]
x-powered-by: [Express]
etag: [W/&quot;46-G9cIHmG3/qGyZEotcu7e8bSLda0&quot;]
#status#: [HTTP/1.1 201 Created]
Content-Length: [70]
alt-svc: [h3=&quot;:443&quot;; ma=86400, h3-29=&quot;:443&quot;; ma=86400]
Content-Type: [application/json; charset=utf-8]
Expect-CT: [max-age=604800, report-uri=&quot;https://report-uri.cloudflare.com/cdn-cgi/beacon/expect-ct&quot;]

{&quot;name&quot;:&quot;&quot;,&quot;job&quot;:&quot;&quot;,&quot;id&quot;:&quot;813&quot;,&quot;createdAt&quot;:&quot;2022-02-08T05:09:28.753Z&quot;}
</pre><hr/><h3><b>CREATE USER-ADDITIONAL PAYLOAD Failed</b></h3><pre>[Verify if 400 or 413 is the response code] Response status code: 201 is not in acceptable list of status codes
Status: FAIL
Time Taken: 660
Size: 106
Timestamp: Tue Feb 08 10:39:29 IST 2022
TestStep: CREATE USER-ADDITIONAL PAYLOAD

----------------- Messages ------------------------------
[Verify if 400 or 413 is the response code] Response status code: 201 is not in acceptable list of status codes

----------------- Properties ------------------------------
HTTP Version: HTTP/1.1
Endpoint: https://reqres.in
Method: POST
StatusCode: 201
URL: https://reqres.in/api/users

---------------- Request ---------------------------
Connection: [Keep-Alive]
User-Agent: [Apache-HttpClient/4.5.2 (Java/16.0.1)]
Host: [reqres.in]
Accept-Encoding: [gzip,deflate]
Content-Length: [75]
Content-Type: [application/json]

POST https://reqres.in/api/users HTTP/1.1
Accept-Encoding: gzip,deflate
Content-Type: application/json
Content-Length: 75
Host: reqres.in
Connection: Keep-Alive
User-Agent: Apache-HttpClient/4.5.2 (Java/16.0.1)

{
    &quot;name&quot;: &quot;Kiran&quot;,
    &quot;job&quot;: &quot;Trainer&quot;,
    &quot;salary&quot;:&quot;10000000 INR&quot;
}


---------------- Response --------------------------
Server: [cloudflare]
CF-RAY: [6da258982958c92c-HYD]
Connection: [keep-alive]
Date: [Tue, 08 Feb 2022 05:09:29 GMT]
via: [1.1 vegur]
access-control-allow-origin: [*]
CF-Cache-Status: [DYNAMIC]
NEL: [{&quot;success_fraction&quot;:0,&quot;report_to&quot;:&quot;cf-nel&quot;,&quot;max_age&quot;:604800}]
Report-To: [{&quot;endpoints&quot;:[{&quot;url&quot;:&quot;https:\/\/a.nel.cloudflare.com\/report\/v3?s=tFeKQXWlISlYr17iuk%2BDdfMIibXDAt13CqA9HvFSHSp%2F2q1XURMKklnrW4tFNXVxeEXnjBfD1%2BcQlIAOhp3LHcB1syaFznAnt1y7%2FIbKtA8L6NoVW8byjH66%2F3Q%3D&quot;}],&quot;group&quot;:&quot;cf-nel&quot;,&quot;max_age&quot;:604800}]
x-powered-by: [Express]
etag: [W/&quot;6a-TWWFJnZ+gT8egS+b7E0q5qzj4Gk&quot;]
#status#: [HTTP/1.1 201 Created]
Content-Length: [106]
alt-svc: [h3=&quot;:443&quot;; ma=86400, h3-29=&quot;:443&quot;; ma=86400]
Content-Type: [application/json; charset=utf-8]
Expect-CT: [max-age=604800, report-uri=&quot;https://report-uri.cloudflare.com/cdn-cgi/beacon/expect-ct&quot;]

{&quot;name&quot;:&quot;Kiran&quot;,&quot;job&quot;:&quot;Trainer&quot;,&quot;salary&quot;:&quot;10000000 INR&quot;,&quot;id&quot;:&quot;250&quot;,&quot;createdAt&quot;:&quot;2022-02-08T05:09:29.432Z&quot;}
</pre><hr/><h3><b>CREATE USER-INCORRECT PAYLOAD Failed</b></h3><pre>[Verify if 400, 413 is the response code] Response status code: 201 is not in acceptable list of status codes
Status: FAIL
Time Taken: 615
Size: 90
Timestamp: Tue Feb 08 10:39:30 IST 2022
TestStep: CREATE USER-INCORRECT PAYLOAD

----------------- Messages ------------------------------
[Verify if 400, 413 is the response code] Response status code: 201 is not in acceptable list of status codes

----------------- Properties ------------------------------
HTTP Version: HTTP/1.1
Endpoint: https://reqres.in
Method: POST
StatusCode: 201
URL: https://reqres.in/api/users

---------------- Request ---------------------------
Connection: [Keep-Alive]
User-Agent: [Apache-HttpClient/4.5.2 (Java/16.0.1)]
Host: [reqres.in]
Accept-Encoding: [gzip,deflate]
Content-Length: [53]
Content-Type: [application/json]

POST https://reqres.in/api/users HTTP/1.1
Accept-Encoding: gzip,deflate
Content-Type: application/json
Content-Length: 53
Host: reqres.in
Connection: Keep-Alive
User-Agent: Apache-HttpClient/4.5.2 (Java/16.0.1)

{
    &quot;name&quot;: &quot;Kiran&quot;,
    &quot;salary&quot;:&quot;10000000 INR&quot;
}


---------------- Response --------------------------
Server: [cloudflare]
CF-RAY: [6da2589c7bafc92c-HYD]
Connection: [keep-alive]
Date: [Tue, 08 Feb 2022 05:09:30 GMT]
via: [1.1 vegur]
access-control-allow-origin: [*]
CF-Cache-Status: [DYNAMIC]
NEL: [{&quot;success_fraction&quot;:0,&quot;report_to&quot;:&quot;cf-nel&quot;,&quot;max_age&quot;:604800}]
Report-To: [{&quot;endpoints&quot;:[{&quot;url&quot;:&quot;https:\/\/a.nel.cloudflare.com\/report\/v3?s=LO8B0yEV9IA3AZIbTrMjX3hdBnAiWzLN3j5XU5xqBsB%2FOY%2B9tVCQmOdlWs5jO6CNPMbRFpZnDBPxxSffEOzkIR%2FDS6mOUAiAbSfmu0qPCYmKf083ps5GnfQPoxA%3D&quot;}],&quot;group&quot;:&quot;cf-nel&quot;,&quot;max_age&quot;:604800}]
x-powered-by: [Express]
etag: [W/&quot;5a-ec5m9Cy4Ik0BN/6VF0hJB1zb6Nw&quot;]
#status#: [HTTP/1.1 201 Created]
Content-Length: [90]
alt-svc: [h3=&quot;:443&quot;; ma=86400, h3-29=&quot;:443&quot;; ma=86400]
Content-Type: [application/json; charset=utf-8]
Expect-CT: [max-age=604800, report-uri=&quot;https://report-uri.cloudflare.com/cdn-cgi/beacon/expect-ct&quot;]

{&quot;name&quot;:&quot;Kiran&quot;,&quot;salary&quot;:&quot;10000000 INR&quot;,&quot;id&quot;:&quot;929&quot;,&quot;createdAt&quot;:&quot;2022-02-08T05:09:30.091Z&quot;}
</pre><hr/><h3><b>LIST USERS-QUERY PARAM TAMPERING Failed</b></h3><pre>[Verify if 400 is the response code] Response status code: 200 is not in acceptable list of status codes
Status: FAIL
Time Taken: 23
Size: 996
Timestamp: Tue Feb 08 10:39:31 IST 2022
TestStep: LIST USERS-QUERY PARAM TAMPERING

----------------- Messages ------------------------------
[Verify if 400 is the response code] Response status code: 200 is not in acceptable list of status codes

----------------- Properties ------------------------------
HTTP Version: HTTP/1.1
Endpoint: https://reqres.in
Method: GET
StatusCode: 200
URL: https://reqres.in/api/users?page=

---------------- Request ---------------------------
Connection: [Keep-Alive]
User-Agent: [Apache-HttpClient/4.5.2 (Java/16.0.1)]
Host: [reqres.in]
Accept-Encoding: [gzip,deflate]
Content-Length: [0]

GET https://reqres.in/api/users?page= HTTP/1.1
Accept-Encoding: gzip,deflate
Content-Length: 0
Host: reqres.in
Connection: Keep-Alive
User-Agent: Apache-HttpClient/4.5.2 (Java/16.0.1)


---------------- Response --------------------------
Transfer-Encoding: [chunked]
Server: [cloudflare]
CF-RAY: [6da258a08dc0c92c-HYD]
Connection: [keep-alive]
Date: [Tue, 08 Feb 2022 05:09:30 GMT]
via: [1.1 vegur]
access-control-allow-origin: [*]
CF-Cache-Status: [HIT]
Cache-Control: [max-age=14400]
NEL: [{&quot;success_fraction&quot;:0,&quot;report_to&quot;:&quot;cf-nel&quot;,&quot;max_age&quot;:604800}]
Report-To: [{&quot;endpoints&quot;:[{&quot;url&quot;:&quot;https:\/\/a.nel.cloudflare.com\/report\/v3?s=AWKYNzUVlnUb7SvpEdbwSgxgNseAhSLQscKbvP%2FBDzUGOzmIUwH8KaYlqtMzrlP99UQQ%2FUb8tNMBBpJmWNFsWugOf6tCovz5JRERyG9ubIasg3TjSXX%2Bqf0vczA%3D&quot;}],&quot;group&quot;:&quot;cf-nel&quot;,&quot;max_age&quot;:604800}]
x-powered-by: [Express]
etag: [W/&quot;3e4-2RLXvr5wTg9YQ6aH95CkYoFNuO8&quot;]
Vary: [Accept-Encoding]
#status#: [HTTP/1.1 200 OK]
alt-svc: [h3=&quot;:443&quot;; ma=86400, h3-29=&quot;:443&quot;; ma=86400]
Age: [4]
Content-Type: [application/json; charset=utf-8]
Expect-CT: [max-age=604800, report-uri=&quot;https://report-uri.cloudflare.com/cdn-cgi/beacon/expect-ct&quot;]

{&quot;page&quot;:1,&quot;per_page&quot;:6,&quot;total&quot;:12,&quot;total_pages&quot;:2,&quot;data&quot;:[{&quot;id&quot;:1,&quot;email&quot;:&quot;george.bluth@reqres.in&quot;,&quot;first_name&quot;:&quot;George&quot;,&quot;last_name&quot;:&quot;Bluth&quot;,&quot;avatar&quot;:&quot;https://reqres.in/img/faces/1-image.jpg&quot;},{&quot;id&quot;:2,&quot;email&quot;:&quot;janet.weaver@reqres.in&quot;,&quot;first_name&quot;:&quot;Janet&quot;,&quot;last_name&quot;:&quot;Weaver&quot;,&quot;avatar&quot;:&quot;https://reqres.in/img/faces/2-image.jpg&quot;},{&quot;id&quot;:3,&quot;email&quot;:&quot;emma.wong@reqres.in&quot;,&quot;first_name&quot;:&quot;Emma&quot;,&quot;last_name&quot;:&quot;Wong&quot;,&quot;avatar&quot;:&quot;https://reqres.in/img/faces/3-image.jpg&quot;},{&quot;id&quot;:4,&quot;email&quot;:&quot;eve.holt@reqres.in&quot;,&quot;first_name&quot;:&quot;Eve&quot;,&quot;last_name&quot;:&quot;Holt&quot;,&quot;avatar&quot;:&quot;https://reqres.in/img/faces/4-image.jpg&quot;},{&quot;id&quot;:5,&quot;email&quot;:&quot;charles.morris@reqres.in&quot;,&quot;first_name&quot;:&quot;Charles&quot;,&quot;last_name&quot;:&quot;Morris&quot;,&quot;avatar&quot;:&quot;https://reqres.in/img/faces/5-image.jpg&quot;},{&quot;id&quot;:6,&quot;email&quot;:&quot;tracey.ramos@reqres.in&quot;,&quot;first_name&quot;:&quot;Tracey&quot;,&quot;last_name&quot;:&quot;Ramos&quot;,&quot;avatar&quot;:&quot;https://reqres.in/img/faces/6-image.jpg&quot;}],&quot;support&quot;:{&quot;url&quot;:&quot;https://reqres.in/#support-heading&quot;,&quot;text&quot;:&quot;To keep ReqRes free, contributions towards server costs are appreciated!&quot;}}
</pre><hr/><h3><b>LIST USERS-INVALID QUERY PARAM Failed</b></h3><pre>[Verify if 400 or 404 is the response code] Response status code: 200 is not in acceptable list of status codes
Status: FAIL
Time Taken: 15
Size: 996
Timestamp: Tue Feb 08 10:39:31 IST 2022
TestStep: LIST USERS-INVALID QUERY PARAM

----------------- Messages ------------------------------
[Verify if 400 or 404 is the response code] Response status code: 200 is not in acceptable list of status codes

----------------- Properties ------------------------------
HTTP Version: HTTP/1.1
Endpoint: https://reqres.in
Method: GET
StatusCode: 200
URL: https://reqres.in/api/users?page=

---------------- Request ---------------------------
Connection: [Keep-Alive]
User-Agent: [Apache-HttpClient/4.5.2 (Java/16.0.1)]
Host: [reqres.in]
Accept-Encoding: [gzip,deflate]
Content-Length: [0]

GET https://reqres.in/api/users?page= HTTP/1.1
Accept-Encoding: gzip,deflate
Content-Length: 0
Host: reqres.in
Connection: Keep-Alive
User-Agent: Apache-HttpClient/4.5.2 (Java/16.0.1)


---------------- Response --------------------------
Transfer-Encoding: [chunked]
Server: [cloudflare]
CF-RAY: [6da258a0ddf4c92c-HYD]
Connection: [keep-alive]
Date: [Tue, 08 Feb 2022 05:09:30 GMT]
via: [1.1 vegur]
access-control-allow-origin: [*]
CF-Cache-Status: [HIT]
Cache-Control: [max-age=14400]
NEL: [{&quot;success_fraction&quot;:0,&quot;report_to&quot;:&quot;cf-nel&quot;,&quot;max_age&quot;:604800}]
Report-To: [{&quot;endpoints&quot;:[{&quot;url&quot;:&quot;https:\/\/a.nel.cloudflare.com\/report\/v3?s=FwzEpa6HFYRze5q%2F8wlboKihPhudkXYApQ2nSjQfeliVR3NDr3tItkHpFhzZh7smRZRo97IRxCnlHLNU4Ec4%2Fkd0LE9qRyV8v8k31r9t%2Fj%2BSC%2BoisJ6wrfwRURo%3D&quot;}],&quot;group&quot;:&quot;cf-nel&quot;,&quot;max_age&quot;:604800}]
x-powered-by: [Express]
etag: [W/&quot;3e4-2RLXvr5wTg9YQ6aH95CkYoFNuO8&quot;]
Vary: [Accept-Encoding]
#status#: [HTTP/1.1 200 OK]
alt-svc: [h3=&quot;:443&quot;; ma=86400, h3-29=&quot;:443&quot;; ma=86400]
Age: [4]
Content-Type: [application/json; charset=utf-8]
Expect-CT: [max-age=604800, report-uri=&quot;https://report-uri.cloudflare.com/cdn-cgi/beacon/expect-ct&quot;]

{&quot;page&quot;:1,&quot;per_page&quot;:6,&quot;total&quot;:12,&quot;total_pages&quot;:2,&quot;data&quot;:[{&quot;id&quot;:1,&quot;email&quot;:&quot;george.bluth@reqres.in&quot;,&quot;first_name&quot;:&quot;George&quot;,&quot;last_name&quot;:&quot;Bluth&quot;,&quot;avatar&quot;:&quot;https://reqres.in/img/faces/1-image.jpg&quot;},{&quot;id&quot;:2,&quot;email&quot;:&quot;janet.weaver@reqres.in&quot;,&quot;first_name&quot;:&quot;Janet&quot;,&quot;last_name&quot;:&quot;Weaver&quot;,&quot;avatar&quot;:&quot;https://reqres.in/img/faces/2-image.jpg&quot;},{&quot;id&quot;:3,&quot;email&quot;:&quot;emma.wong@reqres.in&quot;,&quot;first_name&quot;:&quot;Emma&quot;,&quot;last_name&quot;:&quot;Wong&quot;,&quot;avatar&quot;:&quot;https://reqres.in/img/faces/3-image.jpg&quot;},{&quot;id&quot;:4,&quot;email&quot;:&quot;eve.holt@reqres.in&quot;,&quot;first_name&quot;:&quot;Eve&quot;,&quot;last_name&quot;:&quot;Holt&quot;,&quot;avatar&quot;:&quot;https://reqres.in/img/faces/4-image.jpg&quot;},{&quot;id&quot;:5,&quot;email&quot;:&quot;charles.morris@reqres.in&quot;,&quot;first_name&quot;:&quot;Charles&quot;,&quot;last_name&quot;:&quot;Morris&quot;,&quot;avatar&quot;:&quot;https://reqres.in/img/faces/5-image.jpg&quot;},{&quot;id&quot;:6,&quot;email&quot;:&quot;tracey.ramos@reqres.in&quot;,&quot;first_name&quot;:&quot;Tracey&quot;,&quot;last_name&quot;:&quot;Ramos&quot;,&quot;avatar&quot;:&quot;https://reqres.in/img/faces/6-image.jpg&quot;}],&quot;support&quot;:{&quot;url&quot;:&quot;https://reqres.in/#support-heading&quot;,&quot;text&quot;:&quot;To keep ReqRes free, contributions towards server costs are appreciated!&quot;}}
</pre><hr/><h3><b>GET EMP DATA-INVALID ID Failed</b></h3><pre>[Verify if 400, 404 is received] Response status code: 200 is not in acceptable list of status codes
Status: FAIL
Time Taken: 617
Size: 272
Timestamp: Tue Feb 08 10:39:31 IST 2022
TestStep: GET EMP DATA-INVALID ID

----------------- Messages ------------------------------
[Verify if 400, 404 is received] Response status code: 200 is not in acceptable list of status codes

----------------- Properties ------------------------------
HTTP Version: HTTP/1.1
Endpoint: https://reqres.in
Method: GET
StatusCode: 200
URL: https://reqres.in/api/users/4

---------------- Request ---------------------------
Connection: [Keep-Alive]
User-Agent: [Apache-HttpClient/4.5.2 (Java/16.0.1)]
Host: [reqres.in]
Accept-Encoding: [gzip,deflate]
Content-Length: [0]

GET https://reqres.in/api/users/4 HTTP/1.1
Accept-Encoding: gzip,deflate
Content-Length: 0
Host: reqres.in
Connection: Keep-Alive
User-Agent: Apache-HttpClient/4.5.2 (Java/16.0.1)


---------------- Response --------------------------
Transfer-Encoding: [chunked]
Server: [cloudflare]
CF-RAY: [6da258a11e0bc92c-HYD]
Connection: [keep-alive]
Date: [Tue, 08 Feb 2022 05:09:31 GMT]
via: [1.1 vegur]
access-control-allow-origin: [*]
CF-Cache-Status: [MISS]
Cache-Control: [max-age=14400]
NEL: [{&quot;success_fraction&quot;:0,&quot;report_to&quot;:&quot;cf-nel&quot;,&quot;max_age&quot;:604800}]
Report-To: [{&quot;endpoints&quot;:[{&quot;url&quot;:&quot;https:\/\/a.nel.cloudflare.com\/report\/v3?s=eoSLSkLBvmEDZmlgpDn3SxwW0kfPfzVR%2FOW7mmKlIUxvYd0h8spav8z4dC7bOasJkkFQE1k59gNdlN%2FLzAthNeO2rLLFOOrtzCLD%2BWdZq%2FpYKv9yxD7mCuY2PBQ%3D&quot;}],&quot;group&quot;:&quot;cf-nel&quot;,&quot;max_age&quot;:604800}]
x-powered-by: [Express]
etag: [W/&quot;110-Xdg3LtI+q2zMxihHlfeIZQo/bvY&quot;]
Vary: [Accept-Encoding]
#status#: [HTTP/1.1 200 OK]
alt-svc: [h3=&quot;:443&quot;; ma=86400, h3-29=&quot;:443&quot;; ma=86400]
Content-Type: [application/json; charset=utf-8]
Expect-CT: [max-age=604800, report-uri=&quot;https://report-uri.cloudflare.com/cdn-cgi/beacon/expect-ct&quot;]

{&quot;data&quot;:{&quot;id&quot;:4,&quot;email&quot;:&quot;eve.holt@reqres.in&quot;,&quot;first_name&quot;:&quot;Eve&quot;,&quot;last_name&quot;:&quot;Holt&quot;,&quot;avatar&quot;:&quot;https://reqres.in/img/faces/4-image.jpg&quot;},&quot;support&quot;:{&quot;url&quot;:&quot;https://reqres.in/#support-heading&quot;,&quot;text&quot;:&quot;To keep ReqRes free, contributions towards server costs are appreciated!&quot;}}
</pre><hr/><h3><b>CREATE USER-REQUEST HEADERS TAMPERING Failed</b></h3><pre>[Verify if 400 or 415 is the response code] Response status code: 201 is not in acceptable list of status codes
Status: FAIL
Time Taken: 622
Size: 51
Timestamp: Tue Feb 08 10:39:31 IST 2022
TestStep: CREATE USER-REQUEST HEADERS TAMPERING

----------------- Messages ------------------------------
[Verify if 400 or 415 is the response code] Response status code: 201 is not in acceptable list of status codes

----------------- Properties ------------------------------
HTTP Version: HTTP/1.1
Endpoint: https://reqres.in
Method: POST
StatusCode: 201
URL: https://reqres.in/api/users

---------------- Request ---------------------------
Connection: [Keep-Alive]
User-Agent: [Apache-HttpClient/4.5.2 (Java/16.0.1)]
Host: [reqres.in]
Accept-Encoding: [gzip,deflate]
Content-Length: [50]
Content-Type: [text/xml]

POST https://reqres.in/api/users HTTP/1.1
Accept-Encoding: gzip,deflate
Content-Type: text/xml
Content-Length: 50
Host: reqres.in
Connection: Keep-Alive
User-Agent: Apache-HttpClient/4.5.2 (Java/16.0.1)


    &quot;name&quot;: &quot;Kiran&quot;,
    &quot;salary&quot;:&quot;10000000 INR&quot;


---------------- Response --------------------------
Server: [cloudflare]
CF-RAY: [6da258a52b2fc92c-HYD]
Connection: [keep-alive]
Date: [Tue, 08 Feb 2022 05:09:31 GMT]
via: [1.1 vegur]
access-control-allow-origin: [*]
CF-Cache-Status: [DYNAMIC]
NEL: [{&quot;success_fraction&quot;:0,&quot;report_to&quot;:&quot;cf-nel&quot;,&quot;max_age&quot;:604800}]
Report-To: [{&quot;endpoints&quot;:[{&quot;url&quot;:&quot;https:\/\/a.nel.cloudflare.com\/report\/v3?s=L1PUe8QYT8%2B7ZUAZpBmo51iK0yUtGSPA42WqcmJJwqiShvEtLTws1dKR3GrbpzROGtuWBhKnWRiM3wMudOr0%2BQhRtQsuVi9ZVC7WH4V7paLikOQvrK%2FhcJlTQCQ%3D&quot;}],&quot;group&quot;:&quot;cf-nel&quot;,&quot;max_age&quot;:604800}]
x-powered-by: [Express]
etag: [W/&quot;33-BD3JjkwJtnrKvkxN+hkMG0joXpw&quot;]
#status#: [HTTP/1.1 201 Created]
Content-Length: [51]
alt-svc: [h3=&quot;:443&quot;; ma=86400, h3-29=&quot;:443&quot;; ma=86400]
Content-Type: [application/json; charset=utf-8]
Expect-CT: [max-age=604800, report-uri=&quot;https://report-uri.cloudflare.com/cdn-cgi/beacon/expect-ct&quot;]

{&quot;id&quot;:&quot;448&quot;,&quot;createdAt&quot;:&quot;2022-02-08T05:09:31.491Z&quot;}
</pre><hr/>]]></failure></testcase></testsuite>